ARM GAS  C:\Users\lzh\AppData\Local\Temp\ccRapEot.s 			page 1


   1              		.cpu cortex-m0plus
   2              		.arch armv6s-m
   3              		.fpu softvfp
   4              		.eabi_attribute 20, 1
   5              		.eabi_attribute 21, 1
   6              		.eabi_attribute 23, 3
   7              		.eabi_attribute 24, 1
   8              		.eabi_attribute 25, 1
   9              		.eabi_attribute 26, 1
  10              		.eabi_attribute 30, 1
  11              		.eabi_attribute 34, 0
  12              		.eabi_attribute 18, 4
  13              		.file	"stm32l0xx_hal_msp.c"
  14              		.text
  15              	.Ltext0:
  16              		.cfi_sections	.debug_frame
  17              		.file 1 "Src/stm32l0xx_hal_msp.c"
  18              		.section	.text.HAL_MspInit,"ax",%progbits
  19              		.align	1
  20              		.global	HAL_MspInit
  21              		.syntax unified
  22              		.code	16
  23              		.thumb_func
  25              	HAL_MspInit:
  26              	.LFB40:
   1:Src/stm32l0xx_hal_msp.c **** /* USER CODE BEGIN Header */
   2:Src/stm32l0xx_hal_msp.c **** /**
   3:Src/stm32l0xx_hal_msp.c ****   ******************************************************************************
   4:Src/stm32l0xx_hal_msp.c ****   * @file         stm32l0xx_hal_msp.c
   5:Src/stm32l0xx_hal_msp.c ****   * @brief        This file provides code for the MSP Initialization
   6:Src/stm32l0xx_hal_msp.c ****   *               and de-Initialization codes.
   7:Src/stm32l0xx_hal_msp.c ****   ******************************************************************************
   8:Src/stm32l0xx_hal_msp.c ****   * @attention
   9:Src/stm32l0xx_hal_msp.c ****   *
  10:Src/stm32l0xx_hal_msp.c ****   * Copyright (c) 2025 STMicroelectronics.
  11:Src/stm32l0xx_hal_msp.c ****   * All rights reserved.
  12:Src/stm32l0xx_hal_msp.c ****   *
  13:Src/stm32l0xx_hal_msp.c ****   * This software is licensed under terms that can be found in the LICENSE file
  14:Src/stm32l0xx_hal_msp.c ****   * in the root directory of this software component.
  15:Src/stm32l0xx_hal_msp.c ****   * If no LICENSE file comes with this software, it is provided AS-IS.
  16:Src/stm32l0xx_hal_msp.c ****   *
  17:Src/stm32l0xx_hal_msp.c ****   ******************************************************************************
  18:Src/stm32l0xx_hal_msp.c ****   */
  19:Src/stm32l0xx_hal_msp.c **** /* USER CODE END Header */
  20:Src/stm32l0xx_hal_msp.c **** 
  21:Src/stm32l0xx_hal_msp.c **** /* Includes ------------------------------------------------------------------*/
  22:Src/stm32l0xx_hal_msp.c **** #include "main.h"
  23:Src/stm32l0xx_hal_msp.c **** /* USER CODE BEGIN Includes */
  24:Src/stm32l0xx_hal_msp.c **** 
  25:Src/stm32l0xx_hal_msp.c **** /* USER CODE END Includes */
  26:Src/stm32l0xx_hal_msp.c **** extern DMA_HandleTypeDef hdma_usart2_rx;
  27:Src/stm32l0xx_hal_msp.c **** 
  28:Src/stm32l0xx_hal_msp.c **** /* Private typedef -----------------------------------------------------------*/
  29:Src/stm32l0xx_hal_msp.c **** /* USER CODE BEGIN TD */
  30:Src/stm32l0xx_hal_msp.c **** 
  31:Src/stm32l0xx_hal_msp.c **** /* USER CODE END TD */
  32:Src/stm32l0xx_hal_msp.c **** 
ARM GAS  C:\Users\lzh\AppData\Local\Temp\ccRapEot.s 			page 2


  33:Src/stm32l0xx_hal_msp.c **** /* Private define ------------------------------------------------------------*/
  34:Src/stm32l0xx_hal_msp.c **** /* USER CODE BEGIN Define */
  35:Src/stm32l0xx_hal_msp.c **** 
  36:Src/stm32l0xx_hal_msp.c **** /* USER CODE END Define */
  37:Src/stm32l0xx_hal_msp.c **** 
  38:Src/stm32l0xx_hal_msp.c **** /* Private macro -------------------------------------------------------------*/
  39:Src/stm32l0xx_hal_msp.c **** /* USER CODE BEGIN Macro */
  40:Src/stm32l0xx_hal_msp.c **** 
  41:Src/stm32l0xx_hal_msp.c **** /* USER CODE END Macro */
  42:Src/stm32l0xx_hal_msp.c **** 
  43:Src/stm32l0xx_hal_msp.c **** /* Private variables ---------------------------------------------------------*/
  44:Src/stm32l0xx_hal_msp.c **** /* USER CODE BEGIN PV */
  45:Src/stm32l0xx_hal_msp.c **** 
  46:Src/stm32l0xx_hal_msp.c **** /* USER CODE END PV */
  47:Src/stm32l0xx_hal_msp.c **** 
  48:Src/stm32l0xx_hal_msp.c **** /* Private function prototypes -----------------------------------------------*/
  49:Src/stm32l0xx_hal_msp.c **** /* USER CODE BEGIN PFP */
  50:Src/stm32l0xx_hal_msp.c **** 
  51:Src/stm32l0xx_hal_msp.c **** /* USER CODE END PFP */
  52:Src/stm32l0xx_hal_msp.c **** 
  53:Src/stm32l0xx_hal_msp.c **** /* External functions --------------------------------------------------------*/
  54:Src/stm32l0xx_hal_msp.c **** /* USER CODE BEGIN ExternalFunctions */
  55:Src/stm32l0xx_hal_msp.c **** 
  56:Src/stm32l0xx_hal_msp.c **** /* USER CODE END ExternalFunctions */
  57:Src/stm32l0xx_hal_msp.c **** 
  58:Src/stm32l0xx_hal_msp.c **** /* USER CODE BEGIN 0 */
  59:Src/stm32l0xx_hal_msp.c **** 
  60:Src/stm32l0xx_hal_msp.c **** /* USER CODE END 0 */
  61:Src/stm32l0xx_hal_msp.c **** /**
  62:Src/stm32l0xx_hal_msp.c ****   * Initializes the Global MSP.
  63:Src/stm32l0xx_hal_msp.c ****   */
  64:Src/stm32l0xx_hal_msp.c **** void HAL_MspInit(void)
  65:Src/stm32l0xx_hal_msp.c **** {
  27              		.loc 1 65 1 view -0
  28              		.cfi_startproc
  29              		@ args = 0, pretend = 0, frame = 0
  30              		@ frame_needed = 0, uses_anonymous_args = 0
  31              		@ link register save eliminated.
  66:Src/stm32l0xx_hal_msp.c **** 
  67:Src/stm32l0xx_hal_msp.c ****   /* USER CODE BEGIN MspInit 0 */
  68:Src/stm32l0xx_hal_msp.c **** 
  69:Src/stm32l0xx_hal_msp.c ****   /* USER CODE END MspInit 0 */
  70:Src/stm32l0xx_hal_msp.c **** 
  71:Src/stm32l0xx_hal_msp.c ****   __HAL_RCC_SYSCFG_CLK_ENABLE();
  32              		.loc 1 71 3 view .LVU1
  33 0000 054B     		ldr	r3, .L2
  34 0002 5A6B     		ldr	r2, [r3, #52]
  35 0004 0121     		movs	r1, #1
  36 0006 0A43     		orrs	r2, r1
  37 0008 5A63     		str	r2, [r3, #52]
  72:Src/stm32l0xx_hal_msp.c ****   __HAL_RCC_PWR_CLK_ENABLE();
  38              		.loc 1 72 3 view .LVU2
  39 000a 996B     		ldr	r1, [r3, #56]
  40 000c 8022     		movs	r2, #128
  41 000e 5205     		lsls	r2, r2, #21
  42 0010 0A43     		orrs	r2, r1
  43 0012 9A63     		str	r2, [r3, #56]
ARM GAS  C:\Users\lzh\AppData\Local\Temp\ccRapEot.s 			page 3


  73:Src/stm32l0xx_hal_msp.c **** 
  74:Src/stm32l0xx_hal_msp.c ****   /* System interrupt init*/
  75:Src/stm32l0xx_hal_msp.c **** 
  76:Src/stm32l0xx_hal_msp.c ****   /* USER CODE BEGIN MspInit 1 */
  77:Src/stm32l0xx_hal_msp.c **** 
  78:Src/stm32l0xx_hal_msp.c ****   /* USER CODE END MspInit 1 */
  79:Src/stm32l0xx_hal_msp.c **** }
  44              		.loc 1 79 1 is_stmt 0 view .LVU3
  45              		@ sp needed
  46 0014 7047     		bx	lr
  47              	.L3:
  48 0016 C046     		.align	2
  49              	.L2:
  50 0018 00100240 		.word	1073876992
  51              		.cfi_endproc
  52              	.LFE40:
  54              		.section	.text.HAL_TIM_Encoder_MspInit,"ax",%progbits
  55              		.align	1
  56              		.global	HAL_TIM_Encoder_MspInit
  57              		.syntax unified
  58              		.code	16
  59              		.thumb_func
  61              	HAL_TIM_Encoder_MspInit:
  62              	.LVL0:
  63              	.LFB41:
  80:Src/stm32l0xx_hal_msp.c **** 
  81:Src/stm32l0xx_hal_msp.c **** /**
  82:Src/stm32l0xx_hal_msp.c ****   * @brief TIM_Encoder MSP Initialization
  83:Src/stm32l0xx_hal_msp.c ****   * This function configures the hardware resources used in this example
  84:Src/stm32l0xx_hal_msp.c ****   * @param htim_encoder: TIM_Encoder handle pointer
  85:Src/stm32l0xx_hal_msp.c ****   * @retval None
  86:Src/stm32l0xx_hal_msp.c ****   */
  87:Src/stm32l0xx_hal_msp.c **** void HAL_TIM_Encoder_MspInit(TIM_HandleTypeDef* htim_encoder)
  88:Src/stm32l0xx_hal_msp.c **** {
  64              		.loc 1 88 1 is_stmt 1 view -0
  65              		.cfi_startproc
  66              		@ args = 0, pretend = 0, frame = 24
  67              		@ frame_needed = 0, uses_anonymous_args = 0
  68              		.loc 1 88 1 is_stmt 0 view .LVU5
  69 0000 10B5     		push	{r4, lr}
  70              		.cfi_def_cfa_offset 8
  71              		.cfi_offset 4, -8
  72              		.cfi_offset 14, -4
  73 0002 86B0     		sub	sp, sp, #24
  74              		.cfi_def_cfa_offset 32
  75 0004 0400     		movs	r4, r0
  89:Src/stm32l0xx_hal_msp.c ****   GPIO_InitTypeDef GPIO_InitStruct = {0};
  76              		.loc 1 89 3 is_stmt 1 view .LVU6
  77              		.loc 1 89 20 is_stmt 0 view .LVU7
  78 0006 1422     		movs	r2, #20
  79 0008 0021     		movs	r1, #0
  80 000a 01A8     		add	r0, sp, #4
  81              	.LVL1:
  82              		.loc 1 89 20 view .LVU8
  83 000c FFF7FEFF 		bl	memset
  84              	.LVL2:
  90:Src/stm32l0xx_hal_msp.c ****   if(htim_encoder->Instance==TIM2)
ARM GAS  C:\Users\lzh\AppData\Local\Temp\ccRapEot.s 			page 4


  85              		.loc 1 90 3 is_stmt 1 view .LVU9
  86              		.loc 1 90 18 is_stmt 0 view .LVU10
  87 0010 2268     		ldr	r2, [r4]
  88              		.loc 1 90 5 view .LVU11
  89 0012 8023     		movs	r3, #128
  90 0014 DB05     		lsls	r3, r3, #23
  91 0016 9A42     		cmp	r2, r3
  92 0018 01D0     		beq	.L6
  93              	.L4:
  91:Src/stm32l0xx_hal_msp.c ****   {
  92:Src/stm32l0xx_hal_msp.c ****     /* USER CODE BEGIN TIM2_MspInit 0 */
  93:Src/stm32l0xx_hal_msp.c **** 
  94:Src/stm32l0xx_hal_msp.c ****     /* USER CODE END TIM2_MspInit 0 */
  95:Src/stm32l0xx_hal_msp.c ****     /* Peripheral clock enable */
  96:Src/stm32l0xx_hal_msp.c ****     __HAL_RCC_TIM2_CLK_ENABLE();
  97:Src/stm32l0xx_hal_msp.c **** 
  98:Src/stm32l0xx_hal_msp.c ****     __HAL_RCC_GPIOA_CLK_ENABLE();
  99:Src/stm32l0xx_hal_msp.c ****     /**TIM2 GPIO Configuration
 100:Src/stm32l0xx_hal_msp.c ****     PA0-CK_IN     ------> TIM2_CH1
 101:Src/stm32l0xx_hal_msp.c ****     PA1     ------> TIM2_CH2
 102:Src/stm32l0xx_hal_msp.c ****     */
 103:Src/stm32l0xx_hal_msp.c ****     GPIO_InitStruct.Pin = GPIO_PIN_0|GPIO_PIN_1;
 104:Src/stm32l0xx_hal_msp.c ****     GPIO_InitStruct.Mode = GPIO_MODE_AF_PP;
 105:Src/stm32l0xx_hal_msp.c ****     GPIO_InitStruct.Pull = GPIO_NOPULL;
 106:Src/stm32l0xx_hal_msp.c ****     GPIO_InitStruct.Speed = GPIO_SPEED_FREQ_LOW;
 107:Src/stm32l0xx_hal_msp.c ****     GPIO_InitStruct.Alternate = GPIO_AF2_TIM2;
 108:Src/stm32l0xx_hal_msp.c ****     HAL_GPIO_Init(GPIOA, &GPIO_InitStruct);
 109:Src/stm32l0xx_hal_msp.c **** 
 110:Src/stm32l0xx_hal_msp.c ****     /* USER CODE BEGIN TIM2_MspInit 1 */
 111:Src/stm32l0xx_hal_msp.c **** 
 112:Src/stm32l0xx_hal_msp.c ****     /* USER CODE END TIM2_MspInit 1 */
 113:Src/stm32l0xx_hal_msp.c **** 
 114:Src/stm32l0xx_hal_msp.c ****   }
 115:Src/stm32l0xx_hal_msp.c **** 
 116:Src/stm32l0xx_hal_msp.c **** }
  94              		.loc 1 116 1 view .LVU12
  95 001a 06B0     		add	sp, sp, #24
  96              		@ sp needed
  97              	.LVL3:
  98              		.loc 1 116 1 view .LVU13
  99 001c 10BD     		pop	{r4, pc}
 100              	.LVL4:
 101              	.L6:
  96:Src/stm32l0xx_hal_msp.c **** 
 102              		.loc 1 96 5 is_stmt 1 view .LVU14
 103 001e 0B4A     		ldr	r2, .L7
 104 0020 916B     		ldr	r1, [r2, #56]
 105 0022 0123     		movs	r3, #1
 106 0024 1943     		orrs	r1, r3
 107 0026 9163     		str	r1, [r2, #56]
  98:Src/stm32l0xx_hal_msp.c ****     /**TIM2 GPIO Configuration
 108              		.loc 1 98 5 view .LVU15
 109              	.LBB2:
  98:Src/stm32l0xx_hal_msp.c ****     /**TIM2 GPIO Configuration
 110              		.loc 1 98 5 view .LVU16
  98:Src/stm32l0xx_hal_msp.c ****     /**TIM2 GPIO Configuration
 111              		.loc 1 98 5 view .LVU17
ARM GAS  C:\Users\lzh\AppData\Local\Temp\ccRapEot.s 			page 5


 112 0028 D16A     		ldr	r1, [r2, #44]
 113 002a 1943     		orrs	r1, r3
 114 002c D162     		str	r1, [r2, #44]
  98:Src/stm32l0xx_hal_msp.c ****     /**TIM2 GPIO Configuration
 115              		.loc 1 98 5 view .LVU18
 116 002e D26A     		ldr	r2, [r2, #44]
 117 0030 1340     		ands	r3, r2
 118 0032 0093     		str	r3, [sp]
  98:Src/stm32l0xx_hal_msp.c ****     /**TIM2 GPIO Configuration
 119              		.loc 1 98 5 view .LVU19
 120 0034 009B     		ldr	r3, [sp]
 121              	.LBE2:
  98:Src/stm32l0xx_hal_msp.c ****     /**TIM2 GPIO Configuration
 122              		.loc 1 98 5 view .LVU20
 103:Src/stm32l0xx_hal_msp.c ****     GPIO_InitStruct.Mode = GPIO_MODE_AF_PP;
 123              		.loc 1 103 5 view .LVU21
 103:Src/stm32l0xx_hal_msp.c ****     GPIO_InitStruct.Mode = GPIO_MODE_AF_PP;
 124              		.loc 1 103 25 is_stmt 0 view .LVU22
 125 0036 0323     		movs	r3, #3
 126 0038 0193     		str	r3, [sp, #4]
 104:Src/stm32l0xx_hal_msp.c ****     GPIO_InitStruct.Pull = GPIO_NOPULL;
 127              		.loc 1 104 5 is_stmt 1 view .LVU23
 104:Src/stm32l0xx_hal_msp.c ****     GPIO_InitStruct.Pull = GPIO_NOPULL;
 128              		.loc 1 104 26 is_stmt 0 view .LVU24
 129 003a 013B     		subs	r3, r3, #1
 130 003c 0293     		str	r3, [sp, #8]
 105:Src/stm32l0xx_hal_msp.c ****     GPIO_InitStruct.Speed = GPIO_SPEED_FREQ_LOW;
 131              		.loc 1 105 5 is_stmt 1 view .LVU25
 106:Src/stm32l0xx_hal_msp.c ****     GPIO_InitStruct.Alternate = GPIO_AF2_TIM2;
 132              		.loc 1 106 5 view .LVU26
 107:Src/stm32l0xx_hal_msp.c ****     HAL_GPIO_Init(GPIOA, &GPIO_InitStruct);
 133              		.loc 1 107 5 view .LVU27
 107:Src/stm32l0xx_hal_msp.c ****     HAL_GPIO_Init(GPIOA, &GPIO_InitStruct);
 134              		.loc 1 107 31 is_stmt 0 view .LVU28
 135 003e 0593     		str	r3, [sp, #20]
 108:Src/stm32l0xx_hal_msp.c **** 
 136              		.loc 1 108 5 is_stmt 1 view .LVU29
 137 0040 A020     		movs	r0, #160
 138 0042 01A9     		add	r1, sp, #4
 139 0044 C005     		lsls	r0, r0, #23
 140 0046 FFF7FEFF 		bl	HAL_GPIO_Init
 141              	.LVL5:
 142              		.loc 1 116 1 is_stmt 0 view .LVU30
 143 004a E6E7     		b	.L4
 144              	.L8:
 145              		.align	2
 146              	.L7:
 147 004c 00100240 		.word	1073876992
 148              		.cfi_endproc
 149              	.LFE41:
 151              		.section	.text.HAL_TIM_Encoder_MspDeInit,"ax",%progbits
 152              		.align	1
 153              		.global	HAL_TIM_Encoder_MspDeInit
 154              		.syntax unified
 155              		.code	16
 156              		.thumb_func
 158              	HAL_TIM_Encoder_MspDeInit:
ARM GAS  C:\Users\lzh\AppData\Local\Temp\ccRapEot.s 			page 6


 159              	.LVL6:
 160              	.LFB42:
 117:Src/stm32l0xx_hal_msp.c **** 
 118:Src/stm32l0xx_hal_msp.c **** /**
 119:Src/stm32l0xx_hal_msp.c ****   * @brief TIM_Encoder MSP De-Initialization
 120:Src/stm32l0xx_hal_msp.c ****   * This function freeze the hardware resources used in this example
 121:Src/stm32l0xx_hal_msp.c ****   * @param htim_encoder: TIM_Encoder handle pointer
 122:Src/stm32l0xx_hal_msp.c ****   * @retval None
 123:Src/stm32l0xx_hal_msp.c ****   */
 124:Src/stm32l0xx_hal_msp.c **** void HAL_TIM_Encoder_MspDeInit(TIM_HandleTypeDef* htim_encoder)
 125:Src/stm32l0xx_hal_msp.c **** {
 161              		.loc 1 125 1 is_stmt 1 view -0
 162              		.cfi_startproc
 163              		@ args = 0, pretend = 0, frame = 0
 164              		@ frame_needed = 0, uses_anonymous_args = 0
 165              		.loc 1 125 1 is_stmt 0 view .LVU32
 166 0000 10B5     		push	{r4, lr}
 167              		.cfi_def_cfa_offset 8
 168              		.cfi_offset 4, -8
 169              		.cfi_offset 14, -4
 126:Src/stm32l0xx_hal_msp.c ****   if(htim_encoder->Instance==TIM2)
 170              		.loc 1 126 3 is_stmt 1 view .LVU33
 171              		.loc 1 126 18 is_stmt 0 view .LVU34
 172 0002 0268     		ldr	r2, [r0]
 173              		.loc 1 126 5 view .LVU35
 174 0004 8023     		movs	r3, #128
 175 0006 DB05     		lsls	r3, r3, #23
 176 0008 9A42     		cmp	r2, r3
 177 000a 00D0     		beq	.L11
 178              	.LVL7:
 179              	.L9:
 127:Src/stm32l0xx_hal_msp.c ****   {
 128:Src/stm32l0xx_hal_msp.c ****     /* USER CODE BEGIN TIM2_MspDeInit 0 */
 129:Src/stm32l0xx_hal_msp.c **** 
 130:Src/stm32l0xx_hal_msp.c ****     /* USER CODE END TIM2_MspDeInit 0 */
 131:Src/stm32l0xx_hal_msp.c ****     /* Peripheral clock disable */
 132:Src/stm32l0xx_hal_msp.c ****     __HAL_RCC_TIM2_CLK_DISABLE();
 133:Src/stm32l0xx_hal_msp.c **** 
 134:Src/stm32l0xx_hal_msp.c ****     /**TIM2 GPIO Configuration
 135:Src/stm32l0xx_hal_msp.c ****     PA0-CK_IN     ------> TIM2_CH1
 136:Src/stm32l0xx_hal_msp.c ****     PA1     ------> TIM2_CH2
 137:Src/stm32l0xx_hal_msp.c ****     */
 138:Src/stm32l0xx_hal_msp.c ****     HAL_GPIO_DeInit(GPIOA, GPIO_PIN_0|GPIO_PIN_1);
 139:Src/stm32l0xx_hal_msp.c **** 
 140:Src/stm32l0xx_hal_msp.c ****     /* USER CODE BEGIN TIM2_MspDeInit 1 */
 141:Src/stm32l0xx_hal_msp.c **** 
 142:Src/stm32l0xx_hal_msp.c ****     /* USER CODE END TIM2_MspDeInit 1 */
 143:Src/stm32l0xx_hal_msp.c ****   }
 144:Src/stm32l0xx_hal_msp.c **** 
 145:Src/stm32l0xx_hal_msp.c **** }
 180              		.loc 1 145 1 view .LVU36
 181              		@ sp needed
 182 000c 10BD     		pop	{r4, pc}
 183              	.LVL8:
 184              	.L11:
 132:Src/stm32l0xx_hal_msp.c **** 
 185              		.loc 1 132 5 is_stmt 1 view .LVU37
ARM GAS  C:\Users\lzh\AppData\Local\Temp\ccRapEot.s 			page 7


 186 000e 054A     		ldr	r2, .L12
 187 0010 936B     		ldr	r3, [r2, #56]
 188 0012 0121     		movs	r1, #1
 189 0014 8B43     		bics	r3, r1
 190 0016 9363     		str	r3, [r2, #56]
 138:Src/stm32l0xx_hal_msp.c **** 
 191              		.loc 1 138 5 view .LVU38
 192 0018 A020     		movs	r0, #160
 193              	.LVL9:
 138:Src/stm32l0xx_hal_msp.c **** 
 194              		.loc 1 138 5 is_stmt 0 view .LVU39
 195 001a 0231     		adds	r1, r1, #2
 196 001c C005     		lsls	r0, r0, #23
 197 001e FFF7FEFF 		bl	HAL_GPIO_DeInit
 198              	.LVL10:
 199              		.loc 1 145 1 view .LVU40
 200 0022 F3E7     		b	.L9
 201              	.L13:
 202              		.align	2
 203              	.L12:
 204 0024 00100240 		.word	1073876992
 205              		.cfi_endproc
 206              	.LFE42:
 208              		.section	.text.HAL_UART_MspInit,"ax",%progbits
 209              		.align	1
 210              		.global	HAL_UART_MspInit
 211              		.syntax unified
 212              		.code	16
 213              		.thumb_func
 215              	HAL_UART_MspInit:
 216              	.LVL11:
 217              	.LFB43:
 146:Src/stm32l0xx_hal_msp.c **** 
 147:Src/stm32l0xx_hal_msp.c **** /**
 148:Src/stm32l0xx_hal_msp.c ****   * @brief UART MSP Initialization
 149:Src/stm32l0xx_hal_msp.c ****   * This function configures the hardware resources used in this example
 150:Src/stm32l0xx_hal_msp.c ****   * @param huart: UART handle pointer
 151:Src/stm32l0xx_hal_msp.c ****   * @retval None
 152:Src/stm32l0xx_hal_msp.c ****   */
 153:Src/stm32l0xx_hal_msp.c **** void HAL_UART_MspInit(UART_HandleTypeDef* huart)
 154:Src/stm32l0xx_hal_msp.c **** {
 218              		.loc 1 154 1 is_stmt 1 view -0
 219              		.cfi_startproc
 220              		@ args = 0, pretend = 0, frame = 24
 221              		@ frame_needed = 0, uses_anonymous_args = 0
 222              		.loc 1 154 1 is_stmt 0 view .LVU42
 223 0000 30B5     		push	{r4, r5, lr}
 224              		.cfi_def_cfa_offset 12
 225              		.cfi_offset 4, -12
 226              		.cfi_offset 5, -8
 227              		.cfi_offset 14, -4
 228 0002 87B0     		sub	sp, sp, #28
 229              		.cfi_def_cfa_offset 40
 230 0004 0400     		movs	r4, r0
 155:Src/stm32l0xx_hal_msp.c ****   GPIO_InitTypeDef GPIO_InitStruct = {0};
 231              		.loc 1 155 3 is_stmt 1 view .LVU43
 232              		.loc 1 155 20 is_stmt 0 view .LVU44
ARM GAS  C:\Users\lzh\AppData\Local\Temp\ccRapEot.s 			page 8


 233 0006 1422     		movs	r2, #20
 234 0008 0021     		movs	r1, #0
 235 000a 01A8     		add	r0, sp, #4
 236              	.LVL12:
 237              		.loc 1 155 20 view .LVU45
 238 000c FFF7FEFF 		bl	memset
 239              	.LVL13:
 156:Src/stm32l0xx_hal_msp.c ****   if(huart->Instance==USART2)
 240              		.loc 1 156 3 is_stmt 1 view .LVU46
 241              		.loc 1 156 11 is_stmt 0 view .LVU47
 242 0010 2268     		ldr	r2, [r4]
 243              		.loc 1 156 5 view .LVU48
 244 0012 204B     		ldr	r3, .L19
 245 0014 9A42     		cmp	r2, r3
 246 0016 01D0     		beq	.L17
 247              	.L14:
 157:Src/stm32l0xx_hal_msp.c ****   {
 158:Src/stm32l0xx_hal_msp.c ****     /* USER CODE BEGIN USART2_MspInit 0 */
 159:Src/stm32l0xx_hal_msp.c **** 
 160:Src/stm32l0xx_hal_msp.c ****     /* USER CODE END USART2_MspInit 0 */
 161:Src/stm32l0xx_hal_msp.c ****     /* Peripheral clock enable */
 162:Src/stm32l0xx_hal_msp.c ****     __HAL_RCC_USART2_CLK_ENABLE();
 163:Src/stm32l0xx_hal_msp.c **** 
 164:Src/stm32l0xx_hal_msp.c ****     __HAL_RCC_GPIOA_CLK_ENABLE();
 165:Src/stm32l0xx_hal_msp.c ****     /**USART2 GPIO Configuration
 166:Src/stm32l0xx_hal_msp.c ****     PA2     ------> USART2_TX
 167:Src/stm32l0xx_hal_msp.c ****     PA3     ------> USART2_RX
 168:Src/stm32l0xx_hal_msp.c ****     */
 169:Src/stm32l0xx_hal_msp.c ****     GPIO_InitStruct.Pin = GPIO_PIN_2|GPIO_PIN_3;
 170:Src/stm32l0xx_hal_msp.c ****     GPIO_InitStruct.Mode = GPIO_MODE_AF_PP;
 171:Src/stm32l0xx_hal_msp.c ****     GPIO_InitStruct.Pull = GPIO_NOPULL;
 172:Src/stm32l0xx_hal_msp.c ****     GPIO_InitStruct.Speed = GPIO_SPEED_FREQ_VERY_HIGH;
 173:Src/stm32l0xx_hal_msp.c ****     GPIO_InitStruct.Alternate = GPIO_AF4_USART2;
 174:Src/stm32l0xx_hal_msp.c ****     HAL_GPIO_Init(GPIOA, &GPIO_InitStruct);
 175:Src/stm32l0xx_hal_msp.c **** 
 176:Src/stm32l0xx_hal_msp.c ****     /* USART2 DMA Init */
 177:Src/stm32l0xx_hal_msp.c ****     /* USART2_RX Init */
 178:Src/stm32l0xx_hal_msp.c ****     hdma_usart2_rx.Instance = DMA1_Channel5;
 179:Src/stm32l0xx_hal_msp.c ****     hdma_usart2_rx.Init.Request = DMA_REQUEST_4;
 180:Src/stm32l0xx_hal_msp.c ****     hdma_usart2_rx.Init.Direction = DMA_PERIPH_TO_MEMORY;
 181:Src/stm32l0xx_hal_msp.c ****     hdma_usart2_rx.Init.PeriphInc = DMA_PINC_DISABLE;
 182:Src/stm32l0xx_hal_msp.c ****     hdma_usart2_rx.Init.MemInc = DMA_MINC_ENABLE;
 183:Src/stm32l0xx_hal_msp.c ****     hdma_usart2_rx.Init.PeriphDataAlignment = DMA_PDATAALIGN_BYTE;
 184:Src/stm32l0xx_hal_msp.c ****     hdma_usart2_rx.Init.MemDataAlignment = DMA_MDATAALIGN_BYTE;
 185:Src/stm32l0xx_hal_msp.c ****     hdma_usart2_rx.Init.Mode = DMA_NORMAL;
 186:Src/stm32l0xx_hal_msp.c ****     hdma_usart2_rx.Init.Priority = DMA_PRIORITY_LOW;
 187:Src/stm32l0xx_hal_msp.c ****     if (HAL_DMA_Init(&hdma_usart2_rx) != HAL_OK)
 188:Src/stm32l0xx_hal_msp.c ****     {
 189:Src/stm32l0xx_hal_msp.c ****       Error_Handler();
 190:Src/stm32l0xx_hal_msp.c ****     }
 191:Src/stm32l0xx_hal_msp.c **** 
 192:Src/stm32l0xx_hal_msp.c ****     __HAL_LINKDMA(huart,hdmarx,hdma_usart2_rx);
 193:Src/stm32l0xx_hal_msp.c **** 
 194:Src/stm32l0xx_hal_msp.c ****     /* USART2 interrupt Init */
 195:Src/stm32l0xx_hal_msp.c ****     HAL_NVIC_SetPriority(USART2_IRQn, 0, 0);
 196:Src/stm32l0xx_hal_msp.c ****     HAL_NVIC_EnableIRQ(USART2_IRQn);
 197:Src/stm32l0xx_hal_msp.c ****     /* USER CODE BEGIN USART2_MspInit 1 */
ARM GAS  C:\Users\lzh\AppData\Local\Temp\ccRapEot.s 			page 9


 198:Src/stm32l0xx_hal_msp.c **** 
 199:Src/stm32l0xx_hal_msp.c ****     /* USER CODE END USART2_MspInit 1 */
 200:Src/stm32l0xx_hal_msp.c **** 
 201:Src/stm32l0xx_hal_msp.c ****   }
 202:Src/stm32l0xx_hal_msp.c **** 
 203:Src/stm32l0xx_hal_msp.c **** }
 248              		.loc 1 203 1 view .LVU49
 249 0018 07B0     		add	sp, sp, #28
 250              		@ sp needed
 251              	.LVL14:
 252              		.loc 1 203 1 view .LVU50
 253 001a 30BD     		pop	{r4, r5, pc}
 254              	.LVL15:
 255              	.L17:
 162:Src/stm32l0xx_hal_msp.c **** 
 256              		.loc 1 162 5 is_stmt 1 view .LVU51
 257 001c 1E4B     		ldr	r3, .L19+4
 258 001e 996B     		ldr	r1, [r3, #56]
 259 0020 8022     		movs	r2, #128
 260 0022 9202     		lsls	r2, r2, #10
 261 0024 0A43     		orrs	r2, r1
 262 0026 9A63     		str	r2, [r3, #56]
 164:Src/stm32l0xx_hal_msp.c ****     /**USART2 GPIO Configuration
 263              		.loc 1 164 5 view .LVU52
 264              	.LBB3:
 164:Src/stm32l0xx_hal_msp.c ****     /**USART2 GPIO Configuration
 265              		.loc 1 164 5 view .LVU53
 164:Src/stm32l0xx_hal_msp.c ****     /**USART2 GPIO Configuration
 266              		.loc 1 164 5 view .LVU54
 267 0028 D96A     		ldr	r1, [r3, #44]
 268 002a 0122     		movs	r2, #1
 269 002c 1143     		orrs	r1, r2
 270 002e D962     		str	r1, [r3, #44]
 164:Src/stm32l0xx_hal_msp.c ****     /**USART2 GPIO Configuration
 271              		.loc 1 164 5 view .LVU55
 272 0030 DB6A     		ldr	r3, [r3, #44]
 273 0032 1A40     		ands	r2, r3
 274 0034 0092     		str	r2, [sp]
 164:Src/stm32l0xx_hal_msp.c ****     /**USART2 GPIO Configuration
 275              		.loc 1 164 5 view .LVU56
 276 0036 009B     		ldr	r3, [sp]
 277              	.LBE3:
 164:Src/stm32l0xx_hal_msp.c ****     /**USART2 GPIO Configuration
 278              		.loc 1 164 5 view .LVU57
 169:Src/stm32l0xx_hal_msp.c ****     GPIO_InitStruct.Mode = GPIO_MODE_AF_PP;
 279              		.loc 1 169 5 view .LVU58
 169:Src/stm32l0xx_hal_msp.c ****     GPIO_InitStruct.Mode = GPIO_MODE_AF_PP;
 280              		.loc 1 169 25 is_stmt 0 view .LVU59
 281 0038 0C23     		movs	r3, #12
 282 003a 0193     		str	r3, [sp, #4]
 170:Src/stm32l0xx_hal_msp.c ****     GPIO_InitStruct.Pull = GPIO_NOPULL;
 283              		.loc 1 170 5 is_stmt 1 view .LVU60
 170:Src/stm32l0xx_hal_msp.c ****     GPIO_InitStruct.Pull = GPIO_NOPULL;
 284              		.loc 1 170 26 is_stmt 0 view .LVU61
 285 003c 0A3B     		subs	r3, r3, #10
 286 003e 0293     		str	r3, [sp, #8]
 171:Src/stm32l0xx_hal_msp.c ****     GPIO_InitStruct.Speed = GPIO_SPEED_FREQ_VERY_HIGH;
ARM GAS  C:\Users\lzh\AppData\Local\Temp\ccRapEot.s 			page 10


 287              		.loc 1 171 5 is_stmt 1 view .LVU62
 172:Src/stm32l0xx_hal_msp.c ****     GPIO_InitStruct.Alternate = GPIO_AF4_USART2;
 288              		.loc 1 172 5 view .LVU63
 172:Src/stm32l0xx_hal_msp.c ****     GPIO_InitStruct.Alternate = GPIO_AF4_USART2;
 289              		.loc 1 172 27 is_stmt 0 view .LVU64
 290 0040 0133     		adds	r3, r3, #1
 291 0042 0493     		str	r3, [sp, #16]
 173:Src/stm32l0xx_hal_msp.c ****     HAL_GPIO_Init(GPIOA, &GPIO_InitStruct);
 292              		.loc 1 173 5 is_stmt 1 view .LVU65
 173:Src/stm32l0xx_hal_msp.c ****     HAL_GPIO_Init(GPIOA, &GPIO_InitStruct);
 293              		.loc 1 173 31 is_stmt 0 view .LVU66
 294 0044 0425     		movs	r5, #4
 295 0046 0595     		str	r5, [sp, #20]
 174:Src/stm32l0xx_hal_msp.c **** 
 296              		.loc 1 174 5 is_stmt 1 view .LVU67
 297 0048 A020     		movs	r0, #160
 298 004a 01A9     		add	r1, sp, #4
 299 004c C005     		lsls	r0, r0, #23
 300 004e FFF7FEFF 		bl	HAL_GPIO_Init
 301              	.LVL16:
 178:Src/stm32l0xx_hal_msp.c ****     hdma_usart2_rx.Init.Request = DMA_REQUEST_4;
 302              		.loc 1 178 5 view .LVU68
 178:Src/stm32l0xx_hal_msp.c ****     hdma_usart2_rx.Init.Request = DMA_REQUEST_4;
 303              		.loc 1 178 29 is_stmt 0 view .LVU69
 304 0052 1248     		ldr	r0, .L19+8
 305 0054 124B     		ldr	r3, .L19+12
 306 0056 0360     		str	r3, [r0]
 179:Src/stm32l0xx_hal_msp.c ****     hdma_usart2_rx.Init.Direction = DMA_PERIPH_TO_MEMORY;
 307              		.loc 1 179 5 is_stmt 1 view .LVU70
 179:Src/stm32l0xx_hal_msp.c ****     hdma_usart2_rx.Init.Direction = DMA_PERIPH_TO_MEMORY;
 308              		.loc 1 179 33 is_stmt 0 view .LVU71
 309 0058 4560     		str	r5, [r0, #4]
 180:Src/stm32l0xx_hal_msp.c ****     hdma_usart2_rx.Init.PeriphInc = DMA_PINC_DISABLE;
 310              		.loc 1 180 5 is_stmt 1 view .LVU72
 180:Src/stm32l0xx_hal_msp.c ****     hdma_usart2_rx.Init.PeriphInc = DMA_PINC_DISABLE;
 311              		.loc 1 180 35 is_stmt 0 view .LVU73
 312 005a 0023     		movs	r3, #0
 313 005c 8360     		str	r3, [r0, #8]
 181:Src/stm32l0xx_hal_msp.c ****     hdma_usart2_rx.Init.MemInc = DMA_MINC_ENABLE;
 314              		.loc 1 181 5 is_stmt 1 view .LVU74
 181:Src/stm32l0xx_hal_msp.c ****     hdma_usart2_rx.Init.MemInc = DMA_MINC_ENABLE;
 315              		.loc 1 181 35 is_stmt 0 view .LVU75
 316 005e C360     		str	r3, [r0, #12]
 182:Src/stm32l0xx_hal_msp.c ****     hdma_usart2_rx.Init.PeriphDataAlignment = DMA_PDATAALIGN_BYTE;
 317              		.loc 1 182 5 is_stmt 1 view .LVU76
 182:Src/stm32l0xx_hal_msp.c ****     hdma_usart2_rx.Init.PeriphDataAlignment = DMA_PDATAALIGN_BYTE;
 318              		.loc 1 182 32 is_stmt 0 view .LVU77
 319 0060 8022     		movs	r2, #128
 320 0062 0261     		str	r2, [r0, #16]
 183:Src/stm32l0xx_hal_msp.c ****     hdma_usart2_rx.Init.MemDataAlignment = DMA_MDATAALIGN_BYTE;
 321              		.loc 1 183 5 is_stmt 1 view .LVU78
 183:Src/stm32l0xx_hal_msp.c ****     hdma_usart2_rx.Init.MemDataAlignment = DMA_MDATAALIGN_BYTE;
 322              		.loc 1 183 45 is_stmt 0 view .LVU79
 323 0064 4361     		str	r3, [r0, #20]
 184:Src/stm32l0xx_hal_msp.c ****     hdma_usart2_rx.Init.Mode = DMA_NORMAL;
 324              		.loc 1 184 5 is_stmt 1 view .LVU80
 184:Src/stm32l0xx_hal_msp.c ****     hdma_usart2_rx.Init.Mode = DMA_NORMAL;
ARM GAS  C:\Users\lzh\AppData\Local\Temp\ccRapEot.s 			page 11


 325              		.loc 1 184 42 is_stmt 0 view .LVU81
 326 0066 8361     		str	r3, [r0, #24]
 185:Src/stm32l0xx_hal_msp.c ****     hdma_usart2_rx.Init.Priority = DMA_PRIORITY_LOW;
 327              		.loc 1 185 5 is_stmt 1 view .LVU82
 185:Src/stm32l0xx_hal_msp.c ****     hdma_usart2_rx.Init.Priority = DMA_PRIORITY_LOW;
 328              		.loc 1 185 30 is_stmt 0 view .LVU83
 329 0068 C361     		str	r3, [r0, #28]
 186:Src/stm32l0xx_hal_msp.c ****     if (HAL_DMA_Init(&hdma_usart2_rx) != HAL_OK)
 330              		.loc 1 186 5 is_stmt 1 view .LVU84
 186:Src/stm32l0xx_hal_msp.c ****     if (HAL_DMA_Init(&hdma_usart2_rx) != HAL_OK)
 331              		.loc 1 186 34 is_stmt 0 view .LVU85
 332 006a 0362     		str	r3, [r0, #32]
 187:Src/stm32l0xx_hal_msp.c ****     {
 333              		.loc 1 187 5 is_stmt 1 view .LVU86
 187:Src/stm32l0xx_hal_msp.c ****     {
 334              		.loc 1 187 9 is_stmt 0 view .LVU87
 335 006c FFF7FEFF 		bl	HAL_DMA_Init
 336              	.LVL17:
 187:Src/stm32l0xx_hal_msp.c ****     {
 337              		.loc 1 187 8 view .LVU88
 338 0070 0028     		cmp	r0, #0
 339 0072 0BD1     		bne	.L18
 340              	.L16:
 192:Src/stm32l0xx_hal_msp.c **** 
 341              		.loc 1 192 5 is_stmt 1 view .LVU89
 192:Src/stm32l0xx_hal_msp.c **** 
 342              		.loc 1 192 5 view .LVU90
 343 0074 094B     		ldr	r3, .L19+8
 344 0076 6367     		str	r3, [r4, #116]
 192:Src/stm32l0xx_hal_msp.c **** 
 345              		.loc 1 192 5 view .LVU91
 346 0078 9C62     		str	r4, [r3, #40]
 192:Src/stm32l0xx_hal_msp.c **** 
 347              		.loc 1 192 5 view .LVU92
 195:Src/stm32l0xx_hal_msp.c ****     HAL_NVIC_EnableIRQ(USART2_IRQn);
 348              		.loc 1 195 5 view .LVU93
 349 007a 0022     		movs	r2, #0
 350 007c 0021     		movs	r1, #0
 351 007e 1C20     		movs	r0, #28
 352 0080 FFF7FEFF 		bl	HAL_NVIC_SetPriority
 353              	.LVL18:
 196:Src/stm32l0xx_hal_msp.c ****     /* USER CODE BEGIN USART2_MspInit 1 */
 354              		.loc 1 196 5 view .LVU94
 355 0084 1C20     		movs	r0, #28
 356 0086 FFF7FEFF 		bl	HAL_NVIC_EnableIRQ
 357              	.LVL19:
 358              		.loc 1 203 1 is_stmt 0 view .LVU95
 359 008a C5E7     		b	.L14
 360              	.L18:
 189:Src/stm32l0xx_hal_msp.c ****     }
 361              		.loc 1 189 7 is_stmt 1 view .LVU96
 362 008c FFF7FEFF 		bl	Error_Handler
 363              	.LVL20:
 364 0090 F0E7     		b	.L16
 365              	.L20:
 366 0092 C046     		.align	2
 367              	.L19:
ARM GAS  C:\Users\lzh\AppData\Local\Temp\ccRapEot.s 			page 12


 368 0094 00440040 		.word	1073759232
 369 0098 00100240 		.word	1073876992
 370 009c 00000000 		.word	hdma_usart2_rx
 371 00a0 58000240 		.word	1073872984
 372              		.cfi_endproc
 373              	.LFE43:
 375              		.section	.text.HAL_UART_MspDeInit,"ax",%progbits
 376              		.align	1
 377              		.global	HAL_UART_MspDeInit
 378              		.syntax unified
 379              		.code	16
 380              		.thumb_func
 382              	HAL_UART_MspDeInit:
 383              	.LVL21:
 384              	.LFB44:
 204:Src/stm32l0xx_hal_msp.c **** 
 205:Src/stm32l0xx_hal_msp.c **** /**
 206:Src/stm32l0xx_hal_msp.c ****   * @brief UART MSP De-Initialization
 207:Src/stm32l0xx_hal_msp.c ****   * This function freeze the hardware resources used in this example
 208:Src/stm32l0xx_hal_msp.c ****   * @param huart: UART handle pointer
 209:Src/stm32l0xx_hal_msp.c ****   * @retval None
 210:Src/stm32l0xx_hal_msp.c ****   */
 211:Src/stm32l0xx_hal_msp.c **** void HAL_UART_MspDeInit(UART_HandleTypeDef* huart)
 212:Src/stm32l0xx_hal_msp.c **** {
 385              		.loc 1 212 1 view -0
 386              		.cfi_startproc
 387              		@ args = 0, pretend = 0, frame = 0
 388              		@ frame_needed = 0, uses_anonymous_args = 0
 389              		.loc 1 212 1 is_stmt 0 view .LVU98
 390 0000 10B5     		push	{r4, lr}
 391              		.cfi_def_cfa_offset 8
 392              		.cfi_offset 4, -8
 393              		.cfi_offset 14, -4
 394 0002 0400     		movs	r4, r0
 213:Src/stm32l0xx_hal_msp.c ****   if(huart->Instance==USART2)
 395              		.loc 1 213 3 is_stmt 1 view .LVU99
 396              		.loc 1 213 11 is_stmt 0 view .LVU100
 397 0004 0268     		ldr	r2, [r0]
 398              		.loc 1 213 5 view .LVU101
 399 0006 0A4B     		ldr	r3, .L24
 400 0008 9A42     		cmp	r2, r3
 401 000a 00D0     		beq	.L23
 402              	.LVL22:
 403              	.L21:
 214:Src/stm32l0xx_hal_msp.c ****   {
 215:Src/stm32l0xx_hal_msp.c ****     /* USER CODE BEGIN USART2_MspDeInit 0 */
 216:Src/stm32l0xx_hal_msp.c **** 
 217:Src/stm32l0xx_hal_msp.c ****     /* USER CODE END USART2_MspDeInit 0 */
 218:Src/stm32l0xx_hal_msp.c ****     /* Peripheral clock disable */
 219:Src/stm32l0xx_hal_msp.c ****     __HAL_RCC_USART2_CLK_DISABLE();
 220:Src/stm32l0xx_hal_msp.c **** 
 221:Src/stm32l0xx_hal_msp.c ****     /**USART2 GPIO Configuration
 222:Src/stm32l0xx_hal_msp.c ****     PA2     ------> USART2_TX
 223:Src/stm32l0xx_hal_msp.c ****     PA3     ------> USART2_RX
 224:Src/stm32l0xx_hal_msp.c ****     */
 225:Src/stm32l0xx_hal_msp.c ****     HAL_GPIO_DeInit(GPIOA, GPIO_PIN_2|GPIO_PIN_3);
 226:Src/stm32l0xx_hal_msp.c **** 
ARM GAS  C:\Users\lzh\AppData\Local\Temp\ccRapEot.s 			page 13


 227:Src/stm32l0xx_hal_msp.c ****     /* USART2 DMA DeInit */
 228:Src/stm32l0xx_hal_msp.c ****     HAL_DMA_DeInit(huart->hdmarx);
 229:Src/stm32l0xx_hal_msp.c **** 
 230:Src/stm32l0xx_hal_msp.c ****     /* USART2 interrupt DeInit */
 231:Src/stm32l0xx_hal_msp.c ****     HAL_NVIC_DisableIRQ(USART2_IRQn);
 232:Src/stm32l0xx_hal_msp.c ****     /* USER CODE BEGIN USART2_MspDeInit 1 */
 233:Src/stm32l0xx_hal_msp.c **** 
 234:Src/stm32l0xx_hal_msp.c ****     /* USER CODE END USART2_MspDeInit 1 */
 235:Src/stm32l0xx_hal_msp.c ****   }
 236:Src/stm32l0xx_hal_msp.c **** 
 237:Src/stm32l0xx_hal_msp.c **** }
 404              		.loc 1 237 1 view .LVU102
 405              		@ sp needed
 406              	.LVL23:
 407              		.loc 1 237 1 view .LVU103
 408 000c 10BD     		pop	{r4, pc}
 409              	.LVL24:
 410              	.L23:
 219:Src/stm32l0xx_hal_msp.c **** 
 411              		.loc 1 219 5 is_stmt 1 view .LVU104
 412 000e 094A     		ldr	r2, .L24+4
 413 0010 936B     		ldr	r3, [r2, #56]
 414 0012 0949     		ldr	r1, .L24+8
 415 0014 0B40     		ands	r3, r1
 416 0016 9363     		str	r3, [r2, #56]
 225:Src/stm32l0xx_hal_msp.c **** 
 417              		.loc 1 225 5 view .LVU105
 418 0018 A020     		movs	r0, #160
 419              	.LVL25:
 225:Src/stm32l0xx_hal_msp.c **** 
 420              		.loc 1 225 5 is_stmt 0 view .LVU106
 421 001a 0C21     		movs	r1, #12
 422 001c C005     		lsls	r0, r0, #23
 423 001e FFF7FEFF 		bl	HAL_GPIO_DeInit
 424              	.LVL26:
 228:Src/stm32l0xx_hal_msp.c **** 
 425              		.loc 1 228 5 is_stmt 1 view .LVU107
 426 0022 606F     		ldr	r0, [r4, #116]
 427 0024 FFF7FEFF 		bl	HAL_DMA_DeInit
 428              	.LVL27:
 231:Src/stm32l0xx_hal_msp.c ****     /* USER CODE BEGIN USART2_MspDeInit 1 */
 429              		.loc 1 231 5 view .LVU108
 430 0028 1C20     		movs	r0, #28
 431 002a FFF7FEFF 		bl	HAL_NVIC_DisableIRQ
 432              	.LVL28:
 433              		.loc 1 237 1 is_stmt 0 view .LVU109
 434 002e EDE7     		b	.L21
 435              	.L25:
 436              		.align	2
 437              	.L24:
 438 0030 00440040 		.word	1073759232
 439 0034 00100240 		.word	1073876992
 440 0038 FFFFFDFF 		.word	-131073
 441              		.cfi_endproc
 442              	.LFE44:
 444              		.text
 445              	.Letext0:
ARM GAS  C:\Users\lzh\AppData\Local\Temp\ccRapEot.s 			page 14


 446              		.file 2 "Drivers/CMSIS/Device/ST/STM32L0xx/Include/stm32l031xx.h"
 447              		.file 3 "c:\\users\\lzh\\appdata\\roaming\\code\\user\\globalstorage\\bmd.stm32-for-vscode\\@xpack
 448              		.file 4 "c:\\users\\lzh\\appdata\\roaming\\code\\user\\globalstorage\\bmd.stm32-for-vscode\\@xpack
 449              		.file 5 "Drivers/STM32L0xx_HAL_Driver/Inc/stm32l0xx_hal_def.h"
 450              		.file 6 "Drivers/STM32L0xx_HAL_Driver/Inc/stm32l0xx_hal_gpio.h"
 451              		.file 7 "Drivers/STM32L0xx_HAL_Driver/Inc/stm32l0xx_hal_dma.h"
 452              		.file 8 "Drivers/STM32L0xx_HAL_Driver/Inc/stm32l0xx_hal_tim.h"
 453              		.file 9 "Drivers/STM32L0xx_HAL_Driver/Inc/stm32l0xx_hal_uart.h"
 454              		.file 10 "Drivers/STM32L0xx_HAL_Driver/Inc/stm32l0xx_hal_cortex.h"
 455              		.file 11 "Inc/main.h"
 456              		.file 12 "<built-in>"
ARM GAS  C:\Users\lzh\AppData\Local\Temp\ccRapEot.s 			page 15


DEFINED SYMBOLS
                            *ABS*:0000000000000000 stm32l0xx_hal_msp.c
C:\Users\lzh\AppData\Local\Temp\ccRapEot.s:19     .text.HAL_MspInit:0000000000000000 $t
C:\Users\lzh\AppData\Local\Temp\ccRapEot.s:25     .text.HAL_MspInit:0000000000000000 HAL_MspInit
C:\Users\lzh\AppData\Local\Temp\ccRapEot.s:50     .text.HAL_MspInit:0000000000000018 $d
C:\Users\lzh\AppData\Local\Temp\ccRapEot.s:55     .text.HAL_TIM_Encoder_MspInit:0000000000000000 $t
C:\Users\lzh\AppData\Local\Temp\ccRapEot.s:61     .text.HAL_TIM_Encoder_MspInit:0000000000000000 HAL_TIM_Encoder_MspInit
C:\Users\lzh\AppData\Local\Temp\ccRapEot.s:147    .text.HAL_TIM_Encoder_MspInit:000000000000004c $d
C:\Users\lzh\AppData\Local\Temp\ccRapEot.s:152    .text.HAL_TIM_Encoder_MspDeInit:0000000000000000 $t
C:\Users\lzh\AppData\Local\Temp\ccRapEot.s:158    .text.HAL_TIM_Encoder_MspDeInit:0000000000000000 HAL_TIM_Encoder_MspDeInit
C:\Users\lzh\AppData\Local\Temp\ccRapEot.s:204    .text.HAL_TIM_Encoder_MspDeInit:0000000000000024 $d
C:\Users\lzh\AppData\Local\Temp\ccRapEot.s:209    .text.HAL_UART_MspInit:0000000000000000 $t
C:\Users\lzh\AppData\Local\Temp\ccRapEot.s:215    .text.HAL_UART_MspInit:0000000000000000 HAL_UART_MspInit
C:\Users\lzh\AppData\Local\Temp\ccRapEot.s:368    .text.HAL_UART_MspInit:0000000000000094 $d
C:\Users\lzh\AppData\Local\Temp\ccRapEot.s:376    .text.HAL_UART_MspDeInit:0000000000000000 $t
C:\Users\lzh\AppData\Local\Temp\ccRapEot.s:382    .text.HAL_UART_MspDeInit:0000000000000000 HAL_UART_MspDeInit
C:\Users\lzh\AppData\Local\Temp\ccRapEot.s:438    .text.HAL_UART_MspDeInit:0000000000000030 $d

UNDEFINED SYMBOLS
memset
HAL_GPIO_Init
HAL_GPIO_DeInit
HAL_DMA_Init
HAL_NVIC_SetPriority
HAL_NVIC_EnableIRQ
Error_Handler
hdma_usart2_rx
HAL_DMA_DeInit
HAL_NVIC_DisableIRQ
