ARM GAS  C:\Users\lzh\AppData\Local\Temp\ccm9UKKk.s 			page 1


   1              		.cpu cortex-m0plus
   2              		.arch armv6s-m
   3              		.fpu softvfp
   4              		.eabi_attribute 20, 1
   5              		.eabi_attribute 21, 1
   6              		.eabi_attribute 23, 3
   7              		.eabi_attribute 24, 1
   8              		.eabi_attribute 25, 1
   9              		.eabi_attribute 26, 1
  10              		.eabi_attribute 30, 1
  11              		.eabi_attribute 34, 0
  12              		.eabi_attribute 18, 4
  13              		.file	"vfd.c"
  14              		.text
  15              	.Ltext0:
  16              		.cfi_sections	.debug_frame
  17              		.file 1 "Src/vfd.c"
  18              		.section	.text.Delay_ms,"ax",%progbits
  19              		.align	1
  20              		.global	Delay_ms
  21              		.syntax unified
  22              		.code	16
  23              		.thumb_func
  25              	Delay_ms:
  26              	.LVL0:
  27              	.LFB40:
   1:Src/vfd.c     **** #include "vfd.h"
   2:Src/vfd.c     **** 
   3:Src/vfd.c     **** // void write_6302(SPI_HandleTypeDef *hspi, uint8_t reg,uint8_t w_data)
   4:Src/vfd.c     **** // {
   5:Src/vfd.c     **** //     uint8_t buf[2]={0};
   6:Src/vfd.c     **** //     buf[0] = reg; // Register address
   7:Src/vfd.c     **** //     buf[1] = w_data; // Data to write
   8:Src/vfd.c     **** //     VFD_CSL_Set0; // Set chip select low
   9:Src/vfd.c     **** //     HAL_SPI_Transmit(hspi, buf, 2, HAL_MAX_DELAY); // Transmit data
  10:Src/vfd.c     **** //     VFD_CSL_Set1; // Set chip select high
  11:Src/vfd.c     **** // }
  12:Src/vfd.c     **** 
  13:Src/vfd.c     **** // void VFD_init(SPI_HandleTypeDef *hspi)
  14:Src/vfd.c     **** // {
  15:Src/vfd.c     **** //     VFD_ENA_Set1; // Enable the VFD
  16:Src/vfd.c     **** 
  17:Src/vfd.c     **** //     // Initialize the VFD
  18:Src/vfd.c     **** //     VFD_CSL_Set0;
  19:Src/vfd.c     **** //     // write_6302(hspi, 0xe0); // Command to set DIM
  20:Src/vfd.c     **** //     // HAL_Delay(2);
  21:Src/vfd.c     **** //     // write_6302(hspi, 0x07); // Set DIM to 7
  22:Src/vfd.c     **** //     write_6302(hspi, 0xe0, 0x07); // Command to set DIM
  23:Src/vfd.c     **** //     VFD_CSL_Set1;
  24:Src/vfd.c     **** //     HAL_Delay(2);
  25:Src/vfd.c     **** 
  26:Src/vfd.c     **** //     VFD_CSL_Set0;
  27:Src/vfd.c     **** //     // write_6302(hspi, 0xe4); // Command to set brightness
  28:Src/vfd.c     **** //     // HAL_Delay(2);
  29:Src/vfd.c     **** //     // write_6302(hspi, 0xff); // Brightness level
  30:Src/vfd.c     **** //     write_6302(hspi, 0xe4, 0xff); // Command to set brightness
  31:Src/vfd.c     **** //     VFD_CSL_Set1;
ARM GAS  C:\Users\lzh\AppData\Local\Temp\ccm9UKKk.s 			page 2


  32:Src/vfd.c     **** //     HAL_Delay(2);
  33:Src/vfd.c     **** // }
  34:Src/vfd.c     **** 
  35:Src/vfd.c     **** // void S1201_show(SPI_HandleTypeDef *hspi)
  36:Src/vfd.c     **** // {
  37:Src/vfd.c     **** //     VFD_CSL_Set0; // Start transmission
  38:Src/vfd.c     **** //     // write_6302(hspi, 0xe8, 0x00); // Set address register start
  39:Src/vfd.c     **** //     uint8_t cmd = 0xe8; // Command to set address register start
  40:Src/vfd.c     **** //     HAL_SPI_Transmit(hspi, &cmd, 1, HAL_MAX_DELAY); // Transmit data
  41:Src/vfd.c     **** //     VFD_CSL_Set1; // Stop transmission
  42:Src/vfd.c     **** // }
  43:Src/vfd.c     **** 
  44:Src/vfd.c     **** // void S1201_WriteOneChar(SPI_HandleTypeDef *hspi, unsigned char x, unsigned char chr)
  45:Src/vfd.c     **** // {
  46:Src/vfd.c     **** //     VFD_CSL_Set0; // Start transmission
  47:Src/vfd.c     **** //     HAL_Delay(2); // Delay 300ns
  48:Src/vfd.c     **** //     write_6302(hspi, 0x20 + x, chr + 0x30); // Address register start and character data
  49:Src/vfd.c     **** //     VFD_CSL_Set1; // Stop transmission
  50:Src/vfd.c     **** //     S1201_show(hspi); // Update display
  51:Src/vfd.c     **** // }
  52:Src/vfd.c     **** 
  53:Src/vfd.c     **** // void S1201_WriteStr(SPI_HandleTypeDef *hspi, unsigned char x, char *str)
  54:Src/vfd.c     **** // {
  55:Src/vfd.c     **** //     VFD_CSL_Set0; // Start transmission
  56:Src/vfd.c     **** //     HAL_Delay(2); // Delay 300ns
  57:Src/vfd.c     **** //     write_6302(hspi, 0x20 + x, 0); // Address register start
  58:Src/vfd.c     **** //     while (*str)
  59:Src/vfd.c     **** //     {
  60:Src/vfd.c     **** //         write_6302(hspi, 0, *str - 0x30); // ASCII to character mapping
  61:Src/vfd.c     **** //         str++;
  62:Src/vfd.c     **** //     }
  63:Src/vfd.c     **** //     VFD_CSL_Set1; // Stop transmission
  64:Src/vfd.c     **** //     S1201_show(hspi); // Update display
  65:Src/vfd.c     **** // }
  66:Src/vfd.c     **** 
  67:Src/vfd.c     **** // void VFD_test_out(SPI_HandleTypeDef *hspi)
  68:Src/vfd.c     **** // {
  69:Src/vfd.c     **** 
  70:Src/vfd.c     **** //   // VFD2 test
  71:Src/vfd.c     **** //   VFD_ENA_Set1; // Enable the VFD
  72:Src/vfd.c     **** //   HAL_Delay(100);
  73:Src/vfd.c     **** //   VFD_RST_Set0;
  74:Src/vfd.c     **** //   HAL_Delay(100);
  75:Src/vfd.c     **** //   VFD_RST_Set1;
  76:Src/vfd.c     **** //   VFD_init(hspi);
  77:Src/vfd.c     **** //   // HAL_Delay(1000);
  78:Src/vfd.c     **** //   // S1201_WriteStr(0, "ABCDEFGH");
  79:Src/vfd.c     **** //   // S1201_show();
  80:Src/vfd.c     **** //   // HAL_Delay(1000);
  81:Src/vfd.c     **** //   int ptr = 0;
  82:Src/vfd.c     **** //   char str[40] = "It's Behind You LOL :D 123456789";
  83:Src/vfd.c     **** //   while (1)
  84:Src/vfd.c     **** //   {
  85:Src/vfd.c     **** //     //Rolling String
  86:Src/vfd.c     **** //     for (int i = 0; i < 8; i++)
  87:Src/vfd.c     **** //     {
  88:Src/vfd.c     **** //       S1201_WriteOneChar(hspi,i, str[(i + ptr)%strlen(str)] - 0x30);
ARM GAS  C:\Users\lzh\AppData\Local\Temp\ccm9UKKk.s 			page 3


  89:Src/vfd.c     **** //     }
  90:Src/vfd.c     **** //     ptr++;
  91:Src/vfd.c     **** //     ptr%=strlen(str);
  92:Src/vfd.c     **** 
  93:Src/vfd.c     **** //     S1201_show(hspi);
  94:Src/vfd.c     **** //     HAL_Delay(200);
  95:Src/vfd.c     **** //   }
  96:Src/vfd.c     **** // }
  97:Src/vfd.c     **** 
  98:Src/vfd.c     **** void Delay_ms(uint16_t time)
  99:Src/vfd.c     **** {
  28              		.loc 1 99 1 view -0
  29              		.cfi_startproc
  30              		@ args = 0, pretend = 0, frame = 0
  31              		@ frame_needed = 0, uses_anonymous_args = 0
  32              		@ link register save eliminated.
 100:Src/vfd.c     **** 	uint16_t i=0;
  33              		.loc 1 100 2 view .LVU1
 101:Src/vfd.c     **** 	while (time--) 
  34              		.loc 1 101 2 view .LVU2
  35              		.loc 1 101 8 is_stmt 0 view .LVU3
  36 0000 05E0     		b	.L2
  37              	.LVL1:
  38              	.L4:
 102:Src/vfd.c     **** 		{
 103:Src/vfd.c     **** 			i=12000;
  39              		.loc 1 103 5 view .LVU4
  40 0002 064B     		ldr	r3, .L5
  41              	.L3:
  42              	.LVL2:
 104:Src/vfd.c     **** 			while(i--);
  43              		.loc 1 104 10 is_stmt 1 discriminator 1 view .LVU5
  44 0004 1A00     		movs	r2, r3
  45              		.loc 1 104 11 is_stmt 0 discriminator 1 view .LVU6
  46 0006 013B     		subs	r3, r3, #1
  47              	.LVL3:
  48              		.loc 1 104 11 discriminator 1 view .LVU7
  49 0008 9BB2     		uxth	r3, r3
  50              	.LVL4:
  51              		.loc 1 104 10 discriminator 1 view .LVU8
  52 000a 002A     		cmp	r2, #0
  53 000c FAD1     		bne	.L3
  54              	.LVL5:
  55              	.L2:
 101:Src/vfd.c     **** 	while (time--) 
  56              		.loc 1 101 9 is_stmt 1 view .LVU9
  57 000e 0300     		movs	r3, r0
 101:Src/vfd.c     **** 	while (time--) 
  58              		.loc 1 101 13 is_stmt 0 view .LVU10
  59 0010 0138     		subs	r0, r0, #1
  60              	.LVL6:
 101:Src/vfd.c     **** 	while (time--) 
  61              		.loc 1 101 13 view .LVU11
  62 0012 80B2     		uxth	r0, r0
  63              	.LVL7:
 101:Src/vfd.c     **** 	while (time--) 
  64              		.loc 1 101 9 view .LVU12
ARM GAS  C:\Users\lzh\AppData\Local\Temp\ccm9UKKk.s 			page 4


  65 0014 002B     		cmp	r3, #0
  66 0016 F4D1     		bne	.L4
 105:Src/vfd.c     **** 		}
 106:Src/vfd.c     **** }
  67              		.loc 1 106 1 view .LVU13
  68              		@ sp needed
  69 0018 7047     		bx	lr
  70              	.L6:
  71 001a C046     		.align	2
  72              	.L5:
  73 001c E02E0000 		.word	12000
  74              		.cfi_endproc
  75              	.LFE40:
  77              		.section	.text.Delay_us,"ax",%progbits
  78              		.align	1
  79              		.global	Delay_us
  80              		.syntax unified
  81              		.code	16
  82              		.thumb_func
  84              	Delay_us:
  85              	.LVL8:
  86              	.LFB41:
 107:Src/vfd.c     **** 
 108:Src/vfd.c     **** void Delay_us(uint16_t time)
 109:Src/vfd.c     **** {    
  87              		.loc 1 109 1 is_stmt 1 view -0
  88              		.cfi_startproc
  89              		@ args = 0, pretend = 0, frame = 0
  90              		@ frame_needed = 0, uses_anonymous_args = 0
  91              		@ link register save eliminated.
 110:Src/vfd.c     ****    uint16_t i=0;  
  92              		.loc 1 110 4 view .LVU15
 111:Src/vfd.c     ****    while(time--)
  93              		.loc 1 111 4 view .LVU16
  94              		.loc 1 111 9 is_stmt 0 view .LVU17
  95 0000 05E0     		b	.L8
  96              	.LVL9:
  97              	.L10:
 112:Src/vfd.c     ****    {
 113:Src/vfd.c     ****       i=10;
  98              		.loc 1 113 8 view .LVU18
  99 0002 0A23     		movs	r3, #10
 100              	.L9:
 101              	.LVL10:
 114:Src/vfd.c     ****       while(i--);    
 102              		.loc 1 114 13 is_stmt 1 discriminator 1 view .LVU19
 103 0004 1A00     		movs	r2, r3
 104              		.loc 1 114 14 is_stmt 0 discriminator 1 view .LVU20
 105 0006 013B     		subs	r3, r3, #1
 106              	.LVL11:
 107              		.loc 1 114 14 discriminator 1 view .LVU21
 108 0008 9BB2     		uxth	r3, r3
 109              	.LVL12:
 110              		.loc 1 114 13 discriminator 1 view .LVU22
 111 000a 002A     		cmp	r2, #0
 112 000c FAD1     		bne	.L9
 113              	.LVL13:
ARM GAS  C:\Users\lzh\AppData\Local\Temp\ccm9UKKk.s 			page 5


 114              	.L8:
 111:Src/vfd.c     ****    while(time--)
 115              		.loc 1 111 10 is_stmt 1 view .LVU23
 116 000e 0300     		movs	r3, r0
 111:Src/vfd.c     ****    while(time--)
 117              		.loc 1 111 14 is_stmt 0 view .LVU24
 118 0010 0138     		subs	r0, r0, #1
 119              	.LVL14:
 111:Src/vfd.c     ****    while(time--)
 120              		.loc 1 111 14 view .LVU25
 121 0012 80B2     		uxth	r0, r0
 122              	.LVL15:
 111:Src/vfd.c     ****    while(time--)
 123              		.loc 1 111 10 view .LVU26
 124 0014 002B     		cmp	r3, #0
 125 0016 F4D1     		bne	.L10
 115:Src/vfd.c     ****    }
 116:Src/vfd.c     **** }
 126              		.loc 1 116 1 view .LVU27
 127              		@ sp needed
 128 0018 7047     		bx	lr
 129              		.cfi_endproc
 130              	.LFE41:
 132              		.section	.text.write_6302,"ax",%progbits
 133              		.align	1
 134              		.global	write_6302
 135              		.syntax unified
 136              		.code	16
 137              		.thumb_func
 139              	write_6302:
 140              	.LVL16:
 141              	.LFB42:
 117:Src/vfd.c     **** 
 118:Src/vfd.c     **** // VFD screen test 
 119:Src/vfd.c     **** 
 120:Src/vfd.c     **** 
 121:Src/vfd.c     **** // VFD2 Operation
 122:Src/vfd.c     **** 
 123:Src/vfd.c     **** /******************************
 124:Src/vfd.c     **** *用于8位数据/命令传输
 125:Src/vfd.c     **** *******************************/
 126:Src/vfd.c     **** 
 127:Src/vfd.c     **** void write_6302(unsigned char w_data)
 128:Src/vfd.c     ****  { 
 142              		.loc 1 128 2 is_stmt 1 view -0
 143              		.cfi_startproc
 144              		@ args = 0, pretend = 0, frame = 0
 145              		@ frame_needed = 0, uses_anonymous_args = 0
 146              		.loc 1 128 2 is_stmt 0 view .LVU29
 147 0000 70B5     		push	{r4, r5, r6, lr}
 148              		.cfi_def_cfa_offset 16
 149              		.cfi_offset 4, -16
 150              		.cfi_offset 5, -12
 151              		.cfi_offset 6, -8
 152              		.cfi_offset 14, -4
 153 0002 0500     		movs	r5, r0
 129:Src/vfd.c     ****     unsigned char i;      
ARM GAS  C:\Users\lzh\AppData\Local\Temp\ccm9UKKk.s 			page 6


 154              		.loc 1 129 5 is_stmt 1 view .LVU30
 130:Src/vfd.c     ****     for(i=0;i<8;i++)   
 155              		.loc 1 130 5 view .LVU31
 156              	.LVL17:
 157              		.loc 1 130 10 is_stmt 0 view .LVU32
 158 0004 0024     		movs	r4, #0
 159              		.loc 1 130 5 view .LVU33
 160 0006 0EE0     		b	.L12
 161              	.LVL18:
 162              	.L13:
 131:Src/vfd.c     ****   {  
 132:Src/vfd.c     ****         clk_0;    
 133:Src/vfd.c     ****         if( (w_data&0x01) == 0x01)       
 134:Src/vfd.c     ****   { 
 135:Src/vfd.c     ****            din_1;      
 136:Src/vfd.c     ****       }        
 137:Src/vfd.c     **** else       
 138:Src/vfd.c     ****  { 
 139:Src/vfd.c     ****             din_0;    
 163              		.loc 1 139 13 is_stmt 1 view .LVU34
 164 0008 A020     		movs	r0, #160
 165 000a 0022     		movs	r2, #0
 166 000c 8021     		movs	r1, #128
 167 000e C005     		lsls	r0, r0, #23
 168 0010 FFF7FEFF 		bl	HAL_GPIO_WritePin
 169              	.LVL19:
 170              	.L14:
 140:Src/vfd.c     ****   } 
 141:Src/vfd.c     ****      w_data>>=1;      
 171              		.loc 1 141 6 discriminator 2 view .LVU35
 172              		.loc 1 141 12 is_stmt 0 discriminator 2 view .LVU36
 173 0014 6D08     		lsrs	r5, r5, #1
 174              	.LVL20:
 142:Src/vfd.c     ****      Delay_us(2);      
 175              		.loc 1 142 6 is_stmt 1 discriminator 2 view .LVU37
 143:Src/vfd.c     ****      clk_1;    
 176              		.loc 1 143 6 discriminator 2 view .LVU38
 177 0016 A020     		movs	r0, #160
 178 0018 0122     		movs	r2, #1
 179 001a 2021     		movs	r1, #32
 180 001c C005     		lsls	r0, r0, #23
 181 001e FFF7FEFF 		bl	HAL_GPIO_WritePin
 182              	.LVL21:
 144:Src/vfd.c     ****      Delay_us(2); 
 183              		.loc 1 144 6 discriminator 2 view .LVU39
 130:Src/vfd.c     ****   {  
 184              		.loc 1 130 18 discriminator 2 view .LVU40
 185 0022 0134     		adds	r4, r4, #1
 186              	.LVL22:
 130:Src/vfd.c     ****   {  
 187              		.loc 1 130 18 is_stmt 0 discriminator 2 view .LVU41
 188 0024 E4B2     		uxtb	r4, r4
 189              	.LVL23:
 190              	.L12:
 130:Src/vfd.c     ****   {  
 191              		.loc 1 130 14 is_stmt 1 discriminator 1 view .LVU42
 192 0026 072C     		cmp	r4, #7
ARM GAS  C:\Users\lzh\AppData\Local\Temp\ccm9UKKk.s 			page 7


 193 0028 0ED8     		bhi	.L16
 132:Src/vfd.c     ****         if( (w_data&0x01) == 0x01)       
 194              		.loc 1 132 9 view .LVU43
 195 002a A020     		movs	r0, #160
 196 002c 0022     		movs	r2, #0
 197 002e 2021     		movs	r1, #32
 198 0030 C005     		lsls	r0, r0, #23
 199 0032 FFF7FEFF 		bl	HAL_GPIO_WritePin
 200              	.LVL24:
 133:Src/vfd.c     ****   { 
 201              		.loc 1 133 9 view .LVU44
 133:Src/vfd.c     ****   { 
 202              		.loc 1 133 11 is_stmt 0 view .LVU45
 203 0036 EB07     		lsls	r3, r5, #31
 204 0038 E6D5     		bpl	.L13
 135:Src/vfd.c     ****       }        
 205              		.loc 1 135 12 is_stmt 1 view .LVU46
 206 003a A020     		movs	r0, #160
 207 003c 0122     		movs	r2, #1
 208 003e 8021     		movs	r1, #128
 209 0040 C005     		lsls	r0, r0, #23
 210 0042 FFF7FEFF 		bl	HAL_GPIO_WritePin
 211              	.LVL25:
 212 0046 E5E7     		b	.L14
 213              	.L16:
 145:Src/vfd.c     **** }
 146:Src/vfd.c     ****  }
 214              		.loc 1 146 2 is_stmt 0 view .LVU47
 215              		@ sp needed
 216              	.LVL26:
 217              	.LVL27:
 218              		.loc 1 146 2 view .LVU48
 219 0048 70BD     		pop	{r4, r5, r6, pc}
 220              		.cfi_endproc
 221              	.LFE42:
 223              		.section	.text.VFD_init,"ax",%progbits
 224              		.align	1
 225              		.global	VFD_init
 226              		.syntax unified
 227              		.code	16
 228              		.thumb_func
 230              	VFD_init:
 231              	.LFB43:
 147:Src/vfd.c     **** /******************************
 148:Src/vfd.c     **** *初始化
 149:Src/vfd.c     **** *******************************/
 150:Src/vfd.c     **** void VFD_init()
 151:Src/vfd.c     ****  { 
 232              		.loc 1 151 2 is_stmt 1 view -0
 233              		.cfi_startproc
 234              		@ args = 0, pretend = 0, frame = 0
 235              		@ frame_needed = 0, uses_anonymous_args = 0
 236 0000 70B5     		push	{r4, r5, r6, lr}
 237              		.cfi_def_cfa_offset 16
 238              		.cfi_offset 4, -16
 239              		.cfi_offset 5, -12
 240              		.cfi_offset 6, -8
ARM GAS  C:\Users\lzh\AppData\Local\Temp\ccm9UKKk.s 			page 8


 241              		.cfi_offset 14, -4
 152:Src/vfd.c     ****   EN_1;
 242              		.loc 1 152 3 view .LVU50
 243 0002 8021     		movs	r1, #128
 244 0004 A024     		movs	r4, #160
 245 0006 E405     		lsls	r4, r4, #23
 246 0008 0122     		movs	r2, #1
 247 000a 0902     		lsls	r1, r1, #8
 248 000c 2000     		movs	r0, r4
 249 000e FFF7FEFF 		bl	HAL_GPIO_WritePin
 250              	.LVL28:
 251              		.loc 1 152 7 view .LVU51
 153:Src/vfd.c     ****   HAL_Delay(300);
 252              		.loc 1 153 3 view .LVU52
 253 0012 9626     		movs	r6, #150
 254 0014 7600     		lsls	r6, r6, #1
 255 0016 3000     		movs	r0, r6
 256 0018 FFF7FEFF 		bl	HAL_Delay
 257              	.LVL29:
 154:Src/vfd.c     ****   reset_0;	
 258              		.loc 1 154 3 view .LVU53
 259 001c 174D     		ldr	r5, .L18
 260 001e 0022     		movs	r2, #0
 261 0020 0121     		movs	r1, #1
 262 0022 2800     		movs	r0, r5
 263 0024 FFF7FEFF 		bl	HAL_GPIO_WritePin
 264              	.LVL30:
 265              		.loc 1 154 10 view .LVU54
 155:Src/vfd.c     **** 	HAL_Delay(300);
 266              		.loc 1 155 2 view .LVU55
 267 0028 3000     		movs	r0, r6
 268 002a FFF7FEFF 		bl	HAL_Delay
 269              	.LVL31:
 156:Src/vfd.c     **** 	reset_1;	
 270              		.loc 1 156 2 view .LVU56
 271 002e 0122     		movs	r2, #1
 272 0030 0121     		movs	r1, #1
 273 0032 2800     		movs	r0, r5
 274 0034 FFF7FEFF 		bl	HAL_GPIO_WritePin
 275              	.LVL32:
 276              		.loc 1 156 9 view .LVU57
 157:Src/vfd.c     ****   
 158:Src/vfd.c     ****   cs_0;
 277              		.loc 1 158 3 view .LVU58
 278 0038 0022     		movs	r2, #0
 279 003a 4021     		movs	r1, #64
 280 003c 2000     		movs	r0, r4
 281 003e FFF7FEFF 		bl	HAL_GPIO_WritePin
 282              	.LVL33:
 283              		.loc 1 158 7 view .LVU59
 159:Src/vfd.c     ****   write_6302(0xe0); 
 284              		.loc 1 159 3 view .LVU60
 285 0042 E020     		movs	r0, #224
 286 0044 FFF7FEFF 		bl	write_6302
 287              	.LVL34:
 160:Src/vfd.c     ****   Delay_us(2);  
 288              		.loc 1 160 3 view .LVU61
ARM GAS  C:\Users\lzh\AppData\Local\Temp\ccm9UKKk.s 			page 9


 161:Src/vfd.c     ****   write_6302(0x07);//DIM 0~7 
 289              		.loc 1 161 3 view .LVU62
 290 0048 0720     		movs	r0, #7
 291 004a FFF7FEFF 		bl	write_6302
 292              	.LVL35:
 162:Src/vfd.c     ****   cs_1;
 293              		.loc 1 162 3 view .LVU63
 294 004e 0122     		movs	r2, #1
 295 0050 4021     		movs	r1, #64
 296 0052 2000     		movs	r0, r4
 297 0054 FFF7FEFF 		bl	HAL_GPIO_WritePin
 298              	.LVL36:
 299              		.loc 1 162 7 view .LVU64
 163:Src/vfd.c     ****   Delay_us(2);
 300              		.loc 1 163 3 view .LVU65
 164:Src/vfd.c     **** 
 165:Src/vfd.c     ****   cs_0;
 301              		.loc 1 165 3 view .LVU66
 302 0058 0022     		movs	r2, #0
 303 005a 4021     		movs	r1, #64
 304 005c 2000     		movs	r0, r4
 305 005e FFF7FEFF 		bl	HAL_GPIO_WritePin
 306              	.LVL37:
 307              		.loc 1 165 7 view .LVU67
 166:Src/vfd.c     ****   write_6302(0xe4); 
 308              		.loc 1 166 3 view .LVU68
 309 0062 E420     		movs	r0, #228
 310 0064 FFF7FEFF 		bl	write_6302
 311              	.LVL38:
 167:Src/vfd.c     ****   Delay_us(2);  
 312              		.loc 1 167 3 view .LVU69
 168:Src/vfd.c     ****   write_6302(0xff);//bright	    write_6302(0xff)
 313              		.loc 1 168 3 view .LVU70
 314 0068 FF20     		movs	r0, #255
 315 006a FFF7FEFF 		bl	write_6302
 316              	.LVL39:
 169:Src/vfd.c     ****   cs_1;
 317              		.loc 1 169 3 view .LVU71
 318 006e 0122     		movs	r2, #1
 319 0070 4021     		movs	r1, #64
 320 0072 2000     		movs	r0, r4
 321 0074 FFF7FEFF 		bl	HAL_GPIO_WritePin
 322              	.LVL40:
 323              		.loc 1 169 7 view .LVU72
 170:Src/vfd.c     ****   Delay_us(2);
 324              		.loc 1 170 3 view .LVU73
 171:Src/vfd.c     ****   }
 325              		.loc 1 171 3 is_stmt 0 view .LVU74
 326              		@ sp needed
 327 0078 70BD     		pop	{r4, r5, r6, pc}
 328              	.L19:
 329 007a C046     		.align	2
 330              	.L18:
 331 007c 00040050 		.word	1342178304
 332              		.cfi_endproc
 333              	.LFE43:
 335              		.section	.text.S1201_show,"ax",%progbits
ARM GAS  C:\Users\lzh\AppData\Local\Temp\ccm9UKKk.s 			page 10


 336              		.align	1
 337              		.global	S1201_show
 338              		.syntax unified
 339              		.code	16
 340              		.thumb_func
 342              	S1201_show:
 343              	.LFB44:
 172:Src/vfd.c     **** 
 173:Src/vfd.c     **** /******************************
 174:Src/vfd.c     **** *用于更新当前屏幕显示
 175:Src/vfd.c     **** *******************************/
 176:Src/vfd.c     **** void S1201_show(void)
 177:Src/vfd.c     **** {
 344              		.loc 1 177 1 is_stmt 1 view -0
 345              		.cfi_startproc
 346              		@ args = 0, pretend = 0, frame = 0
 347              		@ frame_needed = 0, uses_anonymous_args = 0
 348 0000 10B5     		push	{r4, lr}
 349              		.cfi_def_cfa_offset 8
 350              		.cfi_offset 4, -8
 351              		.cfi_offset 14, -4
 178:Src/vfd.c     ****   cs_0; //开始传输
 352              		.loc 1 178 3 view .LVU76
 353 0002 A024     		movs	r4, #160
 354 0004 E405     		lsls	r4, r4, #23
 355 0006 0022     		movs	r2, #0
 356 0008 4021     		movs	r1, #64
 357 000a 2000     		movs	r0, r4
 358 000c FFF7FEFF 		bl	HAL_GPIO_WritePin
 359              	.LVL41:
 360              		.loc 1 178 7 view .LVU77
 179:Src/vfd.c     ****   Delay_us(2);    //延时300ns 
 361              		.loc 1 179 3 view .LVU78
 180:Src/vfd.c     ****   write_6302(0xe8);//地址寄存器起始位置
 362              		.loc 1 180 3 view .LVU79
 363 0010 E820     		movs	r0, #232
 364 0012 FFF7FEFF 		bl	write_6302
 365              	.LVL42:
 181:Src/vfd.c     ****   cs_1; //停止传输
 366              		.loc 1 181 3 view .LVU80
 367 0016 0122     		movs	r2, #1
 368 0018 4021     		movs	r1, #64
 369 001a 2000     		movs	r0, r4
 370 001c FFF7FEFF 		bl	HAL_GPIO_WritePin
 371              	.LVL43:
 372              		.loc 1 181 7 view .LVU81
 182:Src/vfd.c     **** }
 373              		.loc 1 182 1 is_stmt 0 view .LVU82
 374              		@ sp needed
 375 0020 10BD     		pop	{r4, pc}
 376              		.cfi_endproc
 377              	.LFE44:
 379              		.section	.text.S1201_WriteOneChar,"ax",%progbits
 380              		.align	1
 381              		.global	S1201_WriteOneChar
 382              		.syntax unified
 383              		.code	16
ARM GAS  C:\Users\lzh\AppData\Local\Temp\ccm9UKKk.s 			page 11


 384              		.thumb_func
 386              	S1201_WriteOneChar:
 387              	.LVL44:
 388              	.LFB45:
 183:Src/vfd.c     **** /******************************
 184:Src/vfd.c     **** *在指定位置打印一个字符(用户自定义,所有CG-ROM中的)
 185:Src/vfd.c     **** *x:0~11;chr:要显示的字符编码
 186:Src/vfd.c     **** *******************************/
 187:Src/vfd.c     **** void S1201_WriteOneChar(unsigned char x, unsigned char chr)
 188:Src/vfd.c     **** {
 389              		.loc 1 188 1 is_stmt 1 view -0
 390              		.cfi_startproc
 391              		@ args = 0, pretend = 0, frame = 0
 392              		@ frame_needed = 0, uses_anonymous_args = 0
 393              		.loc 1 188 1 is_stmt 0 view .LVU84
 394 0000 70B5     		push	{r4, r5, r6, lr}
 395              		.cfi_def_cfa_offset 16
 396              		.cfi_offset 4, -16
 397              		.cfi_offset 5, -12
 398              		.cfi_offset 6, -8
 399              		.cfi_offset 14, -4
 400 0002 0500     		movs	r5, r0
 401 0004 0C00     		movs	r4, r1
 189:Src/vfd.c     ****   cs_0; //开始传输
 402              		.loc 1 189 3 is_stmt 1 view .LVU85
 403 0006 A026     		movs	r6, #160
 404 0008 F605     		lsls	r6, r6, #23
 405 000a 0022     		movs	r2, #0
 406 000c 4021     		movs	r1, #64
 407              	.LVL45:
 408              		.loc 1 189 3 is_stmt 0 view .LVU86
 409 000e 3000     		movs	r0, r6
 410              	.LVL46:
 411              		.loc 1 189 3 view .LVU87
 412 0010 FFF7FEFF 		bl	HAL_GPIO_WritePin
 413              	.LVL47:
 414              		.loc 1 189 7 is_stmt 1 view .LVU88
 190:Src/vfd.c     ****   Delay_us(2);     //延时300ns  
 415              		.loc 1 190 3 view .LVU89
 191:Src/vfd.c     ****   write_6302(0x20+x);//地址寄存器起始位置
 416              		.loc 1 191 3 view .LVU90
 417 0014 2035     		adds	r5, r5, #32
 418 0016 E8B2     		uxtb	r0, r5
 419 0018 FFF7FEFF 		bl	write_6302
 420              	.LVL48:
 192:Src/vfd.c     ****   Delay_us(2); 
 421              		.loc 1 192 3 view .LVU91
 193:Src/vfd.c     ****   write_6302(chr+0x30); 
 422              		.loc 1 193 3 view .LVU92
 423 001c 3034     		adds	r4, r4, #48
 424 001e E0B2     		uxtb	r0, r4
 425 0020 FFF7FEFF 		bl	write_6302
 426              	.LVL49:
 194:Src/vfd.c     ****   cs_1; //停止传输	
 427              		.loc 1 194 3 view .LVU93
 428 0024 0122     		movs	r2, #1
 429 0026 4021     		movs	r1, #64
ARM GAS  C:\Users\lzh\AppData\Local\Temp\ccm9UKKk.s 			page 12


 430 0028 3000     		movs	r0, r6
 431 002a FFF7FEFF 		bl	HAL_GPIO_WritePin
 432              	.LVL50:
 433              		.loc 1 194 7 view .LVU94
 195:Src/vfd.c     ****  // S1201_show();	
 196:Src/vfd.c     **** }
 434              		.loc 1 196 1 is_stmt 0 view .LVU95
 435              		@ sp needed
 436 002e 70BD     		pop	{r4, r5, r6, pc}
 437              		.cfi_endproc
 438              	.LFE45:
 440              		.section	.text.S1201_WriteStr,"ax",%progbits
 441              		.align	1
 442              		.global	S1201_WriteStr
 443              		.syntax unified
 444              		.code	16
 445              		.thumb_func
 447              	S1201_WriteStr:
 448              	.LVL51:
 449              	.LFB46:
 197:Src/vfd.c     **** /******************************
 198:Src/vfd.c     **** *在指定位置打印字符串
 199:Src/vfd.c     **** *(仅适用于英文,标点,数字)
 200:Src/vfd.c     **** *x:0~11;str:要显示的字符串
 201:Src/vfd.c     **** *******************************/
 202:Src/vfd.c     **** void S1201_WriteStr(unsigned char x, char *str)
 203:Src/vfd.c     **** {
 450              		.loc 1 203 1 is_stmt 1 view -0
 451              		.cfi_startproc
 452              		@ args = 0, pretend = 0, frame = 0
 453              		@ frame_needed = 0, uses_anonymous_args = 0
 454              		.loc 1 203 1 is_stmt 0 view .LVU97
 455 0000 70B5     		push	{r4, r5, r6, lr}
 456              		.cfi_def_cfa_offset 16
 457              		.cfi_offset 4, -16
 458              		.cfi_offset 5, -12
 459              		.cfi_offset 6, -8
 460              		.cfi_offset 14, -4
 461 0002 0500     		movs	r5, r0
 462 0004 0C00     		movs	r4, r1
 204:Src/vfd.c     ****   cs_0; //开始传输
 463              		.loc 1 204 3 is_stmt 1 view .LVU98
 464 0006 A020     		movs	r0, #160
 465              	.LVL52:
 466              		.loc 1 204 3 is_stmt 0 view .LVU99
 467 0008 0022     		movs	r2, #0
 468 000a 4021     		movs	r1, #64
 469              	.LVL53:
 470              		.loc 1 204 3 view .LVU100
 471 000c C005     		lsls	r0, r0, #23
 472 000e FFF7FEFF 		bl	HAL_GPIO_WritePin
 473              	.LVL54:
 474              		.loc 1 204 7 is_stmt 1 view .LVU101
 205:Src/vfd.c     ****   Delay_us(2);    //延时300ns
 475              		.loc 1 205 3 view .LVU102
 206:Src/vfd.c     ****   write_6302(0x20+x);//地址寄存器起始位置	
 476              		.loc 1 206 3 view .LVU103
ARM GAS  C:\Users\lzh\AppData\Local\Temp\ccm9UKKk.s 			page 13


 477 0012 2035     		adds	r5, r5, #32
 478 0014 E8B2     		uxtb	r0, r5
 479 0016 FFF7FEFF 		bl	write_6302
 480              	.LVL55:
 207:Src/vfd.c     ****   while (*str) 
 481              		.loc 1 207 3 view .LVU104
 482              		.loc 1 207 9 is_stmt 0 view .LVU105
 483 001a 02E0     		b	.L23
 484              	.L24:
 208:Src/vfd.c     ****   {
 209:Src/vfd.c     ****     write_6302(*str); //ascii与对应字符表转换    
 485              		.loc 1 209 5 is_stmt 1 view .LVU106
 486 001c FFF7FEFF 		bl	write_6302
 487              	.LVL56:
 210:Src/vfd.c     ****     str++;
 488              		.loc 1 210 5 view .LVU107
 489              		.loc 1 210 8 is_stmt 0 view .LVU108
 490 0020 0134     		adds	r4, r4, #1
 491              	.LVL57:
 492              	.L23:
 207:Src/vfd.c     ****   while (*str) 
 493              		.loc 1 207 10 is_stmt 1 view .LVU109
 494 0022 2078     		ldrb	r0, [r4]
 495 0024 0028     		cmp	r0, #0
 496 0026 F9D1     		bne	.L24
 211:Src/vfd.c     ****   }  
 212:Src/vfd.c     ****   cs_1; //停止传输	
 497              		.loc 1 212 3 view .LVU110
 498 0028 A030     		adds	r0, r0, #160
 499 002a 0122     		movs	r2, #1
 500 002c 4021     		movs	r1, #64
 501 002e C005     		lsls	r0, r0, #23
 502 0030 FFF7FEFF 		bl	HAL_GPIO_WritePin
 503              	.LVL58:
 504              		.loc 1 212 7 view .LVU111
 213:Src/vfd.c     ****   //S1201_show();	
 214:Src/vfd.c     **** }
 505              		.loc 1 214 1 is_stmt 0 view .LVU112
 506              		@ sp needed
 507              	.LVL59:
 508              		.loc 1 214 1 view .LVU113
 509 0034 70BD     		pop	{r4, r5, r6, pc}
 510              		.cfi_endproc
 511              	.LFE46:
 513              		.section	.rodata.VFD_test_out.str1.4,"aMS",%progbits,1
 514              		.align	2
 515              	.LC0:
 516 0000 41424344 		.ascii	"ABCDEFGH\000"
 516      45464748 
 516      00
 517              		.section	.text.VFD_test_out,"ax",%progbits
 518              		.align	1
 519              		.global	VFD_test_out
 520              		.syntax unified
 521              		.code	16
 522              		.thumb_func
 524              	VFD_test_out:
ARM GAS  C:\Users\lzh\AppData\Local\Temp\ccm9UKKk.s 			page 14


 525              	.LFB47:
 215:Src/vfd.c     **** 
 216:Src/vfd.c     **** void VFD_test_out(void) 
 217:Src/vfd.c     **** {
 526              		.loc 1 217 1 is_stmt 1 view -0
 527              		.cfi_startproc
 528              		@ Volatile: function does not return.
 529              		@ args = 0, pretend = 0, frame = 0
 530              		@ frame_needed = 0, uses_anonymous_args = 0
 531 0000 10B5     		push	{r4, lr}
 532              		.cfi_def_cfa_offset 8
 533              		.cfi_offset 4, -8
 534              		.cfi_offset 14, -4
 218:Src/vfd.c     ****   EN_1; //使能VFD
 535              		.loc 1 218 3 view .LVU115
 536 0002 8021     		movs	r1, #128
 537 0004 A020     		movs	r0, #160
 538 0006 0122     		movs	r2, #1
 539 0008 0902     		lsls	r1, r1, #8
 540 000a C005     		lsls	r0, r0, #23
 541 000c FFF7FEFF 		bl	HAL_GPIO_WritePin
 542              	.LVL60:
 543              		.loc 1 218 7 view .LVU116
 219:Src/vfd.c     ****   //VFD2 test
 220:Src/vfd.c     ****   reset_0;	
 544              		.loc 1 220 3 view .LVU117
 545 0010 274C     		ldr	r4, .L27
 546 0012 0022     		movs	r2, #0
 547 0014 0121     		movs	r1, #1
 548 0016 2000     		movs	r0, r4
 549 0018 FFF7FEFF 		bl	HAL_GPIO_WritePin
 550              	.LVL61:
 551              		.loc 1 220 10 view .LVU118
 221:Src/vfd.c     **** 	Delay_ms(300);
 552              		.loc 1 221 2 view .LVU119
 222:Src/vfd.c     **** 	reset_1;	
 553              		.loc 1 222 2 view .LVU120
 554 001c 0122     		movs	r2, #1
 555 001e 0121     		movs	r1, #1
 556 0020 2000     		movs	r0, r4
 557 0022 FFF7FEFF 		bl	HAL_GPIO_WritePin
 558              	.LVL62:
 559              		.loc 1 222 9 view .LVU121
 223:Src/vfd.c     **** 	VFD_init();
 560              		.loc 1 223 2 view .LVU122
 561 0026 FFF7FEFF 		bl	VFD_init
 562              	.LVL63:
 563              	.L26:
 224:Src/vfd.c     **** 
 225:Src/vfd.c     **** 	while(1)
 564              		.loc 1 225 2 discriminator 1 view .LVU123
 226:Src/vfd.c     **** 	{
 227:Src/vfd.c     **** 	
 228:Src/vfd.c     **** 	//亮度//	
 229:Src/vfd.c     ****   cs_0;
 565              		.loc 1 229 3 discriminator 1 view .LVU124
 566 002a A024     		movs	r4, #160
ARM GAS  C:\Users\lzh\AppData\Local\Temp\ccm9UKKk.s 			page 15


 567 002c E405     		lsls	r4, r4, #23
 568 002e 0022     		movs	r2, #0
 569 0030 4021     		movs	r1, #64
 570 0032 2000     		movs	r0, r4
 571 0034 FFF7FEFF 		bl	HAL_GPIO_WritePin
 572              	.LVL64:
 573              		.loc 1 229 7 discriminator 1 view .LVU125
 230:Src/vfd.c     ****   write_6302(0xe4); 
 574              		.loc 1 230 3 discriminator 1 view .LVU126
 575 0038 E420     		movs	r0, #228
 576 003a FFF7FEFF 		bl	write_6302
 577              	.LVL65:
 231:Src/vfd.c     ****   Delay_us(2);  
 578              		.loc 1 231 3 discriminator 1 view .LVU127
 232:Src/vfd.c     ****   write_6302(0x88);//bright 0-255
 579              		.loc 1 232 3 discriminator 1 view .LVU128
 580 003e 8820     		movs	r0, #136
 581 0040 FFF7FEFF 		bl	write_6302
 582              	.LVL66:
 233:Src/vfd.c     ****   cs_1;
 583              		.loc 1 233 3 discriminator 1 view .LVU129
 584 0044 0122     		movs	r2, #1
 585 0046 4021     		movs	r1, #64
 586 0048 2000     		movs	r0, r4
 587 004a FFF7FEFF 		bl	HAL_GPIO_WritePin
 588              	.LVL67:
 589              		.loc 1 233 7 discriminator 1 view .LVU130
 234:Src/vfd.c     ****   Delay_us(2);
 590              		.loc 1 234 3 discriminator 1 view .LVU131
 235:Src/vfd.c     **** 
 236:Src/vfd.c     **** 	//亮度//
 237:Src/vfd.c     ****     // EN_1; //使能VFD
 238:Src/vfd.c     ****     // HAL_Delay(100);
 239:Src/vfd.c     **** 		S1201_WriteOneChar(0,0);
 591              		.loc 1 239 3 discriminator 1 view .LVU132
 592 004e 0021     		movs	r1, #0
 593 0050 0020     		movs	r0, #0
 594 0052 FFF7FEFF 		bl	S1201_WriteOneChar
 595              	.LVL68:
 240:Src/vfd.c     **** 		S1201_WriteOneChar(1,1);
 596              		.loc 1 240 3 discriminator 1 view .LVU133
 597 0056 0121     		movs	r1, #1
 598 0058 0120     		movs	r0, #1
 599 005a FFF7FEFF 		bl	S1201_WriteOneChar
 600              	.LVL69:
 241:Src/vfd.c     **** 		S1201_WriteOneChar(2,2);
 601              		.loc 1 241 3 discriminator 1 view .LVU134
 602 005e 0221     		movs	r1, #2
 603 0060 0220     		movs	r0, #2
 604 0062 FFF7FEFF 		bl	S1201_WriteOneChar
 605              	.LVL70:
 242:Src/vfd.c     **** 		S1201_WriteOneChar(3,3);
 606              		.loc 1 242 3 discriminator 1 view .LVU135
 607 0066 0321     		movs	r1, #3
 608 0068 0320     		movs	r0, #3
 609 006a FFF7FEFF 		bl	S1201_WriteOneChar
 610              	.LVL71:
ARM GAS  C:\Users\lzh\AppData\Local\Temp\ccm9UKKk.s 			page 16


 243:Src/vfd.c     **** 		S1201_WriteOneChar(4,4);
 611              		.loc 1 243 3 discriminator 1 view .LVU136
 612 006e 0421     		movs	r1, #4
 613 0070 0420     		movs	r0, #4
 614 0072 FFF7FEFF 		bl	S1201_WriteOneChar
 615              	.LVL72:
 244:Src/vfd.c     **** 		S1201_WriteOneChar(5,5);
 616              		.loc 1 244 3 discriminator 1 view .LVU137
 617 0076 0521     		movs	r1, #5
 618 0078 0520     		movs	r0, #5
 619 007a FFF7FEFF 		bl	S1201_WriteOneChar
 620              	.LVL73:
 245:Src/vfd.c     **** 		S1201_WriteOneChar(6,6);
 621              		.loc 1 245 3 discriminator 1 view .LVU138
 622 007e 0621     		movs	r1, #6
 623 0080 0620     		movs	r0, #6
 624 0082 FFF7FEFF 		bl	S1201_WriteOneChar
 625              	.LVL74:
 246:Src/vfd.c     **** 		S1201_WriteOneChar(7,7);
 626              		.loc 1 246 3 discriminator 1 view .LVU139
 627 0086 0721     		movs	r1, #7
 628 0088 0720     		movs	r0, #7
 629 008a FFF7FEFF 		bl	S1201_WriteOneChar
 630              	.LVL75:
 247:Src/vfd.c     **** 		 S1201_show();	
 631              		.loc 1 247 4 discriminator 1 view .LVU140
 632 008e FFF7FEFF 		bl	S1201_show
 633              	.LVL76:
 248:Src/vfd.c     ****    
 249:Src/vfd.c     **** 		 HAL_Delay(1000);
 634              		.loc 1 249 4 discriminator 1 view .LVU141
 635 0092 FA24     		movs	r4, #250
 636 0094 A400     		lsls	r4, r4, #2
 637 0096 2000     		movs	r0, r4
 638 0098 FFF7FEFF 		bl	HAL_Delay
 639              	.LVL77:
 250:Src/vfd.c     **** 		 S1201_WriteStr(0,"ABCDEFGH")	;
 640              		.loc 1 250 4 discriminator 1 view .LVU142
 641 009c 0549     		ldr	r1, .L27+4
 642 009e 0020     		movs	r0, #0
 643 00a0 FFF7FEFF 		bl	S1201_WriteStr
 644              	.LVL78:
 251:Src/vfd.c     **** 		 S1201_show();
 645              		.loc 1 251 4 discriminator 1 view .LVU143
 646 00a4 FFF7FEFF 		bl	S1201_show
 647              	.LVL79:
 252:Src/vfd.c     **** 		 HAL_Delay(1000);
 648              		.loc 1 252 4 discriminator 1 view .LVU144
 649 00a8 2000     		movs	r0, r4
 650 00aa FFF7FEFF 		bl	HAL_Delay
 651              	.LVL80:
 225:Src/vfd.c     **** 	{
 652              		.loc 1 225 7 discriminator 1 view .LVU145
 653 00ae BCE7     		b	.L26
 654              	.L28:
 655              		.align	2
 656              	.L27:
ARM GAS  C:\Users\lzh\AppData\Local\Temp\ccm9UKKk.s 			page 17


 657 00b0 00040050 		.word	1342178304
 658 00b4 00000000 		.word	.LC0
 659              		.cfi_endproc
 660              	.LFE47:
 662              		.text
 663              	.Letext0:
 664              		.file 2 "c:\\users\\lzh\\appdata\\roaming\\code\\user\\globalstorage\\bmd.stm32-for-vscode\\@xpack
 665              		.file 3 "c:\\users\\lzh\\appdata\\roaming\\code\\user\\globalstorage\\bmd.stm32-for-vscode\\@xpack
 666              		.file 4 "Drivers/CMSIS/Device/ST/STM32L0xx/Include/stm32l031xx.h"
 667              		.file 5 "Drivers/STM32L0xx_HAL_Driver/Inc/stm32l0xx_hal_gpio.h"
 668              		.file 6 "Drivers/STM32L0xx_HAL_Driver/Inc/stm32l0xx_hal.h"
ARM GAS  C:\Users\lzh\AppData\Local\Temp\ccm9UKKk.s 			page 18


DEFINED SYMBOLS
                            *ABS*:0000000000000000 vfd.c
C:\Users\lzh\AppData\Local\Temp\ccm9UKKk.s:19     .text.Delay_ms:0000000000000000 $t
C:\Users\lzh\AppData\Local\Temp\ccm9UKKk.s:25     .text.Delay_ms:0000000000000000 Delay_ms
C:\Users\lzh\AppData\Local\Temp\ccm9UKKk.s:73     .text.Delay_ms:000000000000001c $d
C:\Users\lzh\AppData\Local\Temp\ccm9UKKk.s:78     .text.Delay_us:0000000000000000 $t
C:\Users\lzh\AppData\Local\Temp\ccm9UKKk.s:84     .text.Delay_us:0000000000000000 Delay_us
C:\Users\lzh\AppData\Local\Temp\ccm9UKKk.s:133    .text.write_6302:0000000000000000 $t
C:\Users\lzh\AppData\Local\Temp\ccm9UKKk.s:139    .text.write_6302:0000000000000000 write_6302
C:\Users\lzh\AppData\Local\Temp\ccm9UKKk.s:224    .text.VFD_init:0000000000000000 $t
C:\Users\lzh\AppData\Local\Temp\ccm9UKKk.s:230    .text.VFD_init:0000000000000000 VFD_init
C:\Users\lzh\AppData\Local\Temp\ccm9UKKk.s:331    .text.VFD_init:000000000000007c $d
C:\Users\lzh\AppData\Local\Temp\ccm9UKKk.s:336    .text.S1201_show:0000000000000000 $t
C:\Users\lzh\AppData\Local\Temp\ccm9UKKk.s:342    .text.S1201_show:0000000000000000 S1201_show
C:\Users\lzh\AppData\Local\Temp\ccm9UKKk.s:380    .text.S1201_WriteOneChar:0000000000000000 $t
C:\Users\lzh\AppData\Local\Temp\ccm9UKKk.s:386    .text.S1201_WriteOneChar:0000000000000000 S1201_WriteOneChar
C:\Users\lzh\AppData\Local\Temp\ccm9UKKk.s:441    .text.S1201_WriteStr:0000000000000000 $t
C:\Users\lzh\AppData\Local\Temp\ccm9UKKk.s:447    .text.S1201_WriteStr:0000000000000000 S1201_WriteStr
C:\Users\lzh\AppData\Local\Temp\ccm9UKKk.s:514    .rodata.VFD_test_out.str1.4:0000000000000000 $d
C:\Users\lzh\AppData\Local\Temp\ccm9UKKk.s:518    .text.VFD_test_out:0000000000000000 $t
C:\Users\lzh\AppData\Local\Temp\ccm9UKKk.s:524    .text.VFD_test_out:0000000000000000 VFD_test_out
C:\Users\lzh\AppData\Local\Temp\ccm9UKKk.s:657    .text.VFD_test_out:00000000000000b0 $d

UNDEFINED SYMBOLS
HAL_GPIO_WritePin
HAL_Delay
